-- IDF_TARGET is not set, guessed 'esp32s3' from sdkconfig 'B:/CaPilot/firmware/esp32_s3/keyboard_demo/sdkconfig.defaults'
-- Found Git: A:/Git/cmd/git.exe (found version "2.55.0.windows.1")
cmake.exe : A:/Git/mingw64/libexec/git-core\git-submodule: line 7: basename: command not found
所在位置 行:19 字符: 1
+ & $cmake -G Ninja -DPYTHON_DEPS_CHECKED=1 `
+ ~~~~~~~~~~~~~~~~~~~~~~~~~~~~~~~~~~~~~~~~~~~
    + CategoryInfo          : NotSpecified: (A:/Git/mingw64/...mmand not found:String) [], RemoteException
    + FullyQualifiedErrorId : NativeCommandError
 
A:/Git/mingw64/libexec/git-core\git-submodule: line 7: sed: command not found
A:/Git/mingw64/libexec/git-core\git-submodule: line 22: .: git-sh-setup: file not found
-- Minimal build - OFF
-- The C compiler identification is GNU 14.2.0
-- The CXX compiler identification is GNU 14.2.0
-- The ASM compiler identification is GNU
-- Found assembler: A:/ESPIDF/Espressif5/tools/xtensa-esp-elf/esp-14.2.0_20260121/xtensa-esp-elf/bin/xtensa-esp32s3-elf-gcc.exe
-- Detecting C compiler ABI info
-- Detecting C compiler ABI info - done
-- Check for working C compiler: A:/ESPIDF/Espressif5/tools/xtensa-esp-elf/esp-14.2.0_20260121/xtensa-esp-elf/bin/xtensa-esp32s3-elf-gcc.exe - skipped
-- Detecting C compile features
-- Detecting C compile features - done
-- Detecting CXX compiler ABI info
-- Detecting CXX compiler ABI info - done
-- Check for working CXX compiler: A:/ESPIDF/Espressif5/tools/xtensa-esp-elf/esp-14.2.0_20260121/xtensa-esp-elf/bin/xtensa-esp32s3-elf-g++.exe - skipped
-- Detecting CXX compile features
-- Detecting CXX compile features - done
-- git rev-parse returned 'fatal: not a git repository (or any of the parent directories): .git'
-- Could not use 'git describe' to determine PROJECT_VER.
-- Building ESP-IDF components for target esp32s3
NOTICE: Manifest files have changed, solving dependencies.
............NOTICE: Updating lock file at B:\CaPilot\firmware\esp32_s3\keyboard_demo\dependencies.lock
NOTICE: Processing 7 dependencies:
NOTICE: [1/7] espressif/esp_lcd_touch (1.2.1)
NOTICE: [2/7] espressif/esp_lcd_touch_ft5x06 (1.0.7)
NOTICE: [3/7] espressif/esp_lvgl_port (1.4.0)
NOTICE: [4/7] espressif/esp_tinyusb (2.2.1)
NOTICE: [5/7] espressif/tinyusb (0.19.0~3)
NOTICE: [6/7] lvgl/lvgl (8.3.11)
NOTICE: [7/7] idf (5.5.4)
-- ESP-TEE is currently supported only on the esp32c6;esp32h2;esp32c5 SoCs
-- Project sdkconfig file B:/CaPilot/firmware/esp32_s3/keyboard_demo/sdkconfig
Loading defaults file B:/CaPilot/firmware/esp32_s3/keyboard_demo/sdkconfig.defaults...
C:\Users\Hachi\AppData\Local\Temp\kconfgen_tmprbzr8j51:33 line was updated to # ===== TinyUSB HID 閰嶇疆 =====n
-- Compiler supported targets: xtensa-esp-elf
-- Detecting C compiler ABI info
-- Detecting C compiler ABI info - done
-- Detecting CXX compiler ABI info
-- Detecting CXX compiler ABI info - done
-- Detecting C compiler ABI info
-- Detecting C compiler ABI info - done
-- Detecting CXX compiler ABI info
-- Detecting CXX compiler ABI info - done
-- Found Python3: A:/ESPIDF/Espressif5/python_env/idf5.5_py3.11_env/Scripts/python.exe (found version "3.11.2") found components: Interpreter
-- Performing Test CMAKE_HAVE_LIBC_PTHREAD
-- Performing Test CMAKE_HAVE_LIBC_PTHREAD - Success
-- Found Threads: TRUE
-- Performing Test C_COMPILER_SUPPORTS_WFORMAT_SIGNEDNESS
-- Performing Test C_COMPILER_SUPPORTS_WFORMAT_SIGNEDNESS - Success
-- USING O3
-- App "keyboard_demo" version: 1
-- Adding linker script B:/CaPilot/firmware/esp32_s3/keyboard_demo/build/esp-idf/esp_system/ld/memory.ld
-- Adding linker script B:/CaPilot/firmware/esp32_s3/keyboard_demo/build/esp-idf/esp_system/ld/sections.ld.in
-- Adding linker script A:/ESPIDF/Espressif5/frameworks/esp-idf-v5.5.4/components/esp_rom/esp32s3/ld/esp32s3.rom.ld
-- Adding linker script A:/ESPIDF/Espressif5/frameworks/esp-idf-v5.5.4/components/esp_rom/esp32s3/ld/esp32s3.rom.api.ld
-- Adding linker script A:/ESPIDF/Espressif5/frameworks/esp-idf-v5.5.4/components/esp_rom/esp32s3/ld/esp32s3.rom.bt_funcs.ld
-- Adding linker script A:/ESPIDF/Espressif5/frameworks/esp-idf-v5.5.4/components/esp_rom/esp32s3/ld/esp32s3.rom.libgcc.ld
-- Adding linker script A:/ESPIDF/Espressif5/frameworks/esp-idf-v5.5.4/components/esp_rom/esp32s3/ld/esp32s3.rom.wdt.ld
-- Adding linker script A:/ESPIDF/Espressif5/frameworks/esp-idf-v5.5.4/components/esp_rom/esp32s3/ld/esp32s3.rom.version.ld
-- Adding linker script A:/ESPIDF/Espressif5/frameworks/esp-idf-v5.5.4/components/esp_rom/esp32s3/ld/esp32s3.rom.ble_master.ld
-- Adding linker script A:/ESPIDF/Espressif5/frameworks/esp-idf-v5.5.4/components/esp_rom/esp32s3/ld/esp32s3.rom.ble_50.ld
-- Adding linker script A:/ESPIDF/Espressif5/frameworks/esp-idf-v5.5.4/components/esp_rom/esp32s3/ld/esp32s3.rom.ble_smp.ld
-- Adding linker script A:/ESPIDF/Espressif5/frameworks/esp-idf-v5.5.4/components/esp_rom/esp32s3/ld/esp32s3.rom.ble_dtm.ld
-- Adding linker script A:/ESPIDF/Espressif5/frameworks/esp-idf-v5.5.4/components/esp_rom/esp32s3/ld/esp32s3.rom.ble_test.ld
-- Adding linker script A:/ESPIDF/Espressif5/frameworks/esp-idf-v5.5.4/components/esp_rom/esp32s3/ld/esp32s3.rom.ble_scan.ld
-- Adding linker script A:/ESPIDF/Espressif5/frameworks/esp-idf-v5.5.4/components/esp_rom/esp32s3/ld/esp32s3.rom.libc.ld
-- Adding linker script A:/ESPIDF/Espressif5/frameworks/esp-idf-v5.5.4/components/esp_rom/esp32s3/ld/esp32s3.rom.newlib.ld
-- Adding linker script A:/ESPIDF/Espressif5/frameworks/esp-idf-v5.5.4/components/soc/esp32s3/ld/esp32s3.peripherals.ld
-- Components: app_trace app_update bootloader bootloader_support bt capilot_hid_keyboard capilot_usb_hid_keyboard cmock console cxx driver efuse esp-tls esp_adc esp_app_format esp_bootloader_format esp_coex esp_common esp_driver_ana_cmpr esp_driver_bitscrambler esp_driver_cam esp_driver_dac esp_driver_gpio esp_driver_gptimer esp_driver_i2c esp_driver_i2s esp_driver_isp esp_driver_jpeg esp_driver_ledc esp_driver_mcpwm esp_driver_parlio esp_driver_pcnt esp_driver_ppa esp_driver_rmt esp_driver_sdio esp_driver_sdm esp_driver_sdmmc esp_driver_sdspi esp_driver_spi esp_driver_touch_sens esp_driver_tsens esp_driver_twai esp_driver_uart esp_driver_usb_serial_jtag esp_eth esp_event esp_gdbstub esp_hal_ieee802154 esp_hid esp_http_client esp_http_server esp_https_ota esp_https_server esp_hw_support esp_lcd esp_local_ctrl esp_mm esp_netif esp_netif_stack esp_partition esp_phy esp_pm esp_psram esp_ringbuf esp_rom esp_security esp_system esp_timer esp_vfs_console esp_wifi espcoredump espressif__esp_lcd_touch espressif__esp_lcd_touch_ft5x06 espressif__esp_lvgl_port espressif__esp_tinyusb espressif__tinyusb esptool_py fatfs freertos hal heap http_parser idf_test ieee802154 json log lvgl__lvgl lwip main mbedtls mqtt newlib nvs_flash nvs_sec_provider openthread partition_table perfmon protobuf-c protocomm pthread rt sdmmc soc spi_flash spiffs tcp_transport touch_element ulp unity usb vfs wear_levelling wifi_provisioning wpa_supplicant xtensa
-- Component paths: A:/ESPIDF/Espressif5/frameworks/esp-idf-v5.5.4/components/app_trace A:/ESPIDF/Espressif5/frameworks/esp-idf-v5.5.4/components/app_update A:/ESPIDF/Espressif5/frameworks/esp-idf-v5.5.4/components/bootloader A:/ESPIDF/Espressif5/frameworks/esp-idf-v5.5.4/components/bootloader_support A:/ESPIDF/Espressif5/frameworks/esp-idf-v5.5.4/components/bt B:/CaPilot/firmware/esp32_s3/keyboard_demo/components/capilot_hid_keyboard B:/CaPilot/firmware/esp32_s3/keyboard_demo/components/capilot_usb_hid_keyboard A:/ESPIDF/Espressif5/frameworks/esp-idf-v5.5.4/components/cmock A:/ESPIDF/Espressif5/frameworks/esp-idf-v5.5.4/components/console A:/ESPIDF/Espressif5/frameworks/esp-idf-v5.5.4/components/cxx A:/ESPIDF/Espressif5/frameworks/esp-idf-v5.5.4/components/driver A:/ESPIDF/Espressif5/frameworks/esp-idf-v5.5.4/components/efuse A:/ESPIDF/Espressif5/frameworks/esp-idf-v5.5.4/components/esp-tls A:/ESPIDF/Espressif5/frameworks/esp-idf-v5.5.4/components/esp_adc A:/ESPIDF/Espressif5/frameworks/esp-idf-v5.5.4/components/esp_app_format A:/ESPIDF/Espressif5/frameworks/esp-idf-v5.5.4/components/esp_bootloader_format A:/ESPIDF/Espressif5/frameworks/esp-idf-v5.5.4/components/esp_coex A:/ESPIDF/Espressif5/frameworks/esp-idf-v5.5.4/components/esp_common A:/ESPIDF/Espressif5/frameworks/esp-idf-v5.5.4/components/esp_driver_ana_cmpr A:/ESPIDF/Espressif5/frameworks/esp-idf-v5.5.4/components/esp_driver_bitscrambler A:/ESPIDF/Espressif5/frameworks/esp-idf-v5.5.4/components/esp_driver_cam A:/ESPIDF/Espressif5/frameworks/esp-idf-v5.5.4/components/esp_driver_dac A:/ESPIDF/Espressif5/frameworks/esp-idf-v5.5.4/components/esp_driver_gpio A:/ESPIDF/Espressif5/frameworks/esp-idf-v5.5.4/components/esp_driver_gptimer A:/ESPIDF/Espressif5/frameworks/esp-idf-v5.5.4/components/esp_driver_i2c A:/ESPIDF/Espressif5/frameworks/esp-idf-v5.5.4/components/esp_driver_i2s A:/ESPIDF/Espressif5/frameworks/esp-idf-v5.5.4/components/esp_driver_isp A:/ESPIDF/Espressif5/frameworks/esp-idf-v5.5.4/components/esp_driver_jpeg A:/ESPIDF/Espressif5/frameworks/esp-idf-v5.5.4/components/esp_driver_ledc A:/ESPIDF/Espressif5/frameworks/esp-idf-v5.5.4/components/esp_driver_mcpwm A:/ESPIDF/Espressif5/frameworks/esp-idf-v5.5.4/components/esp_driver_parlio A:/ESPIDF/Espressif5/frameworks/esp-idf-v5.5.4/components/esp_driver_pcnt A:/ESPIDF/Espressif5/frameworks/esp-idf-v5.5.4/components/esp_driver_ppa A:/ESPIDF/Espressif5/frameworks/esp-idf-v5.5.4/components/esp_driver_rmt A:/ESPIDF/Espressif5/frameworks/esp-idf-v5.5.4/components/esp_driver_sdio A:/ESPIDF/Espressif5/frameworks/esp-idf-v5.5.4/components/esp_driver_sdm A:/ESPIDF/Espressif5/frameworks/esp-idf-v5.5.4/components/esp_driver_sdmmc A:/ESPIDF/Espressif5/frameworks/esp-idf-v5.5.4/components/esp_driver_sdspi A:/ESPIDF/Espressif5/frameworks/esp-idf-v5.5.4/components/esp_driver_spi A:/ESPIDF/Espressif5/frameworks/esp-idf-v5.5.4/components/esp_driver_touch_sens A:/ESPIDF/Espressif5/frameworks/esp-idf-v5.5.4/components/esp_driver_tsens A:/ESPIDF/Espressif5/frameworks/esp-idf-v5.5.4/components/esp_driver_twai A:/ESPIDF/Espressif5/frameworks/esp-idf-v5.5.4/components/esp_driver_uart A:/ESPIDF/Espressif5/frameworks/esp-idf-v5.5.4/components/esp_driver_usb_serial_jtag A:/ESPIDF/Espressif5/frameworks/esp-idf-v5.5.4/components/esp_eth A:/ESPIDF/Espressif5/frameworks/esp-idf-v5.5.4/components/esp_event A:/ESPIDF/Espressif5/frameworks/esp-idf-v5.5.4/components/esp_gdbstub A:/ESPIDF/Espressif5/frameworks/esp-idf-v5.5.4/components/esp_hal_ieee802154 A:/ESPIDF/Espressif5/frameworks/esp-idf-v5.5.4/components/esp_hid A:/ESPIDF/Espressif5/frameworks/esp-idf-v5.5.4/components/esp_http_client A:/ESPIDF/Espressif5/frameworks/esp-idf-v5.5.4/components/esp_http_server A:/ESPIDF/Espressif5/frameworks/esp-idf-v5.5.4/components/esp_https_ota A:/ESPIDF/Espressif5/frameworks/esp-idf-v5.5.4/components/esp_https_server A:/ESPIDF/Espressif5/frameworks/esp-idf-v5.5.4/components/esp_hw_support A:/ESPIDF/Espressif5/frameworks/esp-idf-v5.5.4/components/esp_lcd A:/ESPIDF/Espressif5/frameworks/esp-idf-v5.5.4/components/esp_local_ctrl A:/ESPIDF/Espressif5/frameworks/esp-idf-v5.5.4/components/esp_mm A:/ESPIDF/Espressif5/frameworks/esp-idf-v5.5.4/components/esp_netif A:/ESPIDF/Espressif5/frameworks/esp-idf-v5.5.4/components/esp_netif_stack A:/ESPIDF/Espressif5/frameworks/esp-idf-v5.5.4/components/esp_partition A:/ESPIDF/Espressif5/frameworks/esp-idf-v5.5.4/components/esp_phy A:/ESPIDF/Espressif5/frameworks/esp-idf-v5.5.4/components/esp_pm A:/ESPIDF/Espressif5/frameworks/esp-idf-v5.5.4/components/esp_psram A:/ESPIDF/Espressif5/frameworks/esp-idf-v5.5.4/components/esp_ringbuf A:/ESPIDF/Espressif5/frameworks/esp-idf-v5.5.4/components/esp_rom A:/ESPIDF/Espressif5/frameworks/esp-idf-v5.5.4/components/esp_security A:/ESPIDF/Espressif5/frameworks/esp-idf-v5.5.4/components/esp_system A:/ESPIDF/Espressif5/frameworks/esp-idf-v5.5.4/components/esp_timer A:/ESPIDF/Espressif5/frameworks/esp-idf-v5.5.4/components/esp_vfs_console A:/ESPIDF/Espressif5/frameworks/esp-idf-v5.5.4/components/esp_wifi A:/ESPIDF/Espressif5/frameworks/esp-idf-v5.5.4/components/espcoredump B:/CaPilot/firmware/esp32_s3/keyboard_demo/managed_components/espressif__esp_lcd_touch B:/CaPilot/firmware/esp32_s3/keyboard_demo/managed_components/espressif__esp_lcd_touch_ft5x06 B:/CaPilot/firmware/esp32_s3/keyboard_demo/managed_components/espressif__esp_lvgl_port B:/CaPilot/firmware/esp32_s3/keyboard_demo/managed_components/espressif__esp_tinyusb B:/CaPilot/firmware/esp32_s3/keyboard_demo/managed_components/espressif__tinyusb A:/ESPIDF/Espressif5/frameworks/esp-idf-v5.5.4/components/esptool_py A:/ESPIDF/Espressif5/frameworks/esp-idf-v5.5.4/components/fatfs A:/ESPIDF/Espressif5/frameworks/esp-idf-v5.5.4/components/freertos A:/ESPIDF/Espressif5/frameworks/esp-idf-v5.5.4/components/hal A:/ESPIDF/Espressif5/frameworks/esp-idf-v5.5.4/components/heap A:/ESPIDF/Espressif5/frameworks/esp-idf-v5.5.4/components/http_parser A:/ESPIDF/Espressif5/frameworks/esp-idf-v5.5.4/components/idf_test A:/ESPIDF/Espressif5/frameworks/esp-idf-v5.5.4/components/ieee802154 A:/ESPIDF/Espressif5/frameworks/esp-idf-v5.5.4/components/json A:/ESPIDF/Espressif5/frameworks/esp-idf-v5.5.4/components/log B:/CaPilot/firmware/esp32_s3/keyboard_demo/managed_components/lvgl__lvgl A:/ESPIDF/Espressif5/frameworks/esp-idf-v5.5.4/components/lwip B:/CaPilot/firmware/esp32_s3/keyboard_demo/main A:/ESPIDF/Espressif5/frameworks/esp-idf-v5.5.4/components/mbedtls A:/ESPIDF/Espressif5/frameworks/esp-idf-v5.5.4/components/mqtt A:/ESPIDF/Espressif5/frameworks/esp-idf-v5.5.4/components/newlib A:/ESPIDF/Espressif5/frameworks/esp-idf-v5.5.4/components/nvs_flash A:/ESPIDF/Espressif5/frameworks/esp-idf-v5.5.4/components/nvs_sec_provider A:/ESPIDF/Espressif5/frameworks/esp-idf-v5.5.4/components/openthread A:/ESPIDF/Espressif5/frameworks/esp-idf-v5.5.4/components/partition_table A:/ESPIDF/Espressif5/frameworks/esp-idf-v5.5.4/components/perfmon A:/ESPIDF/Espressif5/frameworks/esp-idf-v5.5.4/components/protobuf-c A:/ESPIDF/Espressif5/frameworks/esp-idf-v5.5.4/components/protocomm A:/ESPIDF/Espressif5/frameworks/esp-idf-v5.5.4/components/pthread A:/ESPIDF/Espressif5/frameworks/esp-idf-v5.5.4/components/rt A:/ESPIDF/Espressif5/frameworks/esp-idf-v5.5.4/components/sdmmc A:/ESPIDF/Espressif5/frameworks/esp-idf-v5.5.4/components/soc A:/ESPIDF/Espressif5/frameworks/esp-idf-v5.5.4/components/spi_flash A:/ESPIDF/Espressif5/frameworks/esp-idf-v5.5.4/components/spiffs A:/ESPIDF/Espressif5/frameworks/esp-idf-v5.5.4/components/tcp_transport A:/ESPIDF/Espressif5/frameworks/esp-idf-v5.5.4/components/touch_element A:/ESPIDF/Espressif5/frameworks/esp-idf-v5.5.4/components/ulp A:/ESPIDF/Espressif5/frameworks/esp-idf-v5.5.4/components/unity A:/ESPIDF/Espressif5/frameworks/esp-idf-v5.5.4/components/usb A:/ESPIDF/Espressif5/frameworks/esp-idf-v5.5.4/components/vfs A:/ESPIDF/Espressif5/frameworks/esp-idf-v5.5.4/components/wear_levelling A:/ESPIDF/Espressif5/frameworks/esp-idf-v5.5.4/components/wifi_provisioning A:/ESPIDF/Espressif5/frameworks/esp-idf-v5.5.4/components/wpa_supplicant A:/ESPIDF/Espressif5/frameworks/esp-idf-v5.5.4/components/xtensa
-- Configuring done (11.0s)
-- Generating done (0.8s)
-- Build files have been written to: B:/CaPilot/firmware/esp32_s3/keyboard_demo/build
