esptool.py v4.12.dev1
Serial port COM8
Connecting....
Chip is ESP32-S3 (QFN56) (revision v0.2)
Features: WiFi, BLE, Embedded PSRAM 8MB (AP_3v3)
Crystal is 40MHz
MAC: 94:a9:90:26:96:80
Uploading stub...
Running stub...
Stub running...
Changing baud rate to 460800
Changed.
Configuring flash size...
Flash will be erased from 0x00000000 to 0x00005fff...
Flash will be erased from 0x00008000 to 0x00008fff...
Flash will be erased from 0x00010000 to 0x00095fff...
SHA digest in image updated
Compressed 20832 bytes to 13347...
Writing at 0x00000000... (100 %)
Wrote 20832 bytes (13347 compressed) at 0x00000000 in 0.5 seconds (effective 368.6 kbit/s)...
Hash of data verified.
Compressed 3072 bytes to 104...
Writing at 0x00008000... (100 %)
Wrote 3072 bytes (104 compressed) at 0x00008000 in 0.0 seconds (effective 592.0 kbit/s)...
Hash of data verified.
Compressed 544816 bytes to 320468...
Writing at 0x00010000... (5 %)
Writing at 0x0001d09c... (10 %)
Writing at 0x00024d69... (15 %)
Writing at 0x0002f905... (20 %)
Writing at 0x00035b64... (25 %)
Writing at 0x0003c081... (30 %)
Writing at 0x000422c4... (35 %)
Writing at 0x0004857f... (40 %)
Writing at 0x0004e0c9... (45 %)
Writing at 0x00054000... (50 %)
Writing at 0x0005a035... (55 %)
Writing at 0x0005fd46... (60 %)
Writing at 0x00065a71... (65 %)
Writing at 0x0006bd6d... (70 %)
Writing at 0x00071abc... (75 %)
Writing at 0x00077f51... (80 %)
Writing at 0x0007ec78... (85 %)
Writing at 0x00084c09... (90 %)
Writing at 0x0008aa7c... (95 %)
Writing at 0x00091479... (100 %)
Wrote 544816 bytes (320468 compressed) at 0x00010000 in 7.2 seconds (effective 606.8 kbit/s)...
Hash of data verified.

Leaving...
Hard resetting via RTS pin...
