[INFO] Listening on COM8@115200 for 15s ...
I (11141) main: Memory: DRAM free=157787, PSRAM free=8385392, HID connected=NO
W (12291) app_ui: BLE HID not connected, key '5' ignored
W (12981) app_ui: BLE HID not connected, key '3' ignored
W (13611) app_ui: BLE HID not connected, key '9' ignored
W (14181) app_ui: BLE HID not connected, key '0' ignored
W (14691) app_ui: BLE HID not connected, key '7' ignored
W (15321) app_ui: BLE HID not connected, key '8' ignored
W (17931) app_ui: BLE HID not connected, key '4' ignored
W (18441) app_ui: BLE HID not connected, key '1' ignored
W (19041) app_ui: BLE HID not connected, key '2' ignored
W (19611) app_ui: BLE HID not connected, key '6' ignored
W (20331) app_ui: BLE HID not connected, key '#' ignored
W (21081) app_ui: BLE HID not connected, key '*' ignored
I (21141) main: Memory: DRAM free=156383, PSRAM free=8385392, HID connected=NO
W (22071) app_ui: BLE HID not connected, key '8' ignored
W (22521) app_ui: BLE HID not connected, key '9' ignored
W (23001) app_ui: BLE HID not connected, key '6' ignored
W (23541) app_ui: BLE HID not connected, key '5' ignored
W (24081) app_ui: BLE HID not connected, key '4' ignored
W (24471) app_ui: BLE HID not connected, key '1' ignored
W (25101) app_ui: BLE HID not connected, key '5' ignored
W (25551) app_ui: BLE HID not connected, key '8' ignored
W (26031) app_ui: BLE HID not connected, key '8' ignored

[INFO] Captured 23 lines in 15s
