[0/1] Re-running CMake...
ninja.exe : A:/Git/mingw64/libexec/git-core\git-submodule: line 7: basename: command not found
所在位置 行:9 字符: 1
+ & $ninja 2>&1 | Out-File -FilePath "..\logs\ninja_build3.log" -Encodi ...
+ ~~~~~~~~~~~~~
    + CategoryInfo          : NotSpecified: (A:/Git/mingw64/...mmand not found:String) [], RemoteException
    + FullyQualifiedErrorId : NativeCommandError
 
A:/Git/mingw64/libexec/git-core\git-submodule: line 7: sed: command not found
A:/Git/mingw64/libexec/git-core\git-submodule: line 22: .: git-sh-setup: file not found
-- Minimal build - OFF
-- git rev-parse returned 'fatal: not a git repository (or any of the parent directories): .git'
-- Could not use 'git describe' to determine PROJECT_VER.
-- Building ESP-IDF components for target esp32s3
NOTICE: Processing 5 dependencies:
NOTICE: [1/5] espressif/esp_lcd_touch (1.2.1)
NOTICE: [2/5] espressif/esp_lcd_touch_ft5x06 (1.0.7)
NOTICE: [3/5] espressif/esp_lvgl_port (1.4.0)
NOTICE: [4/5] lvgl/lvgl (8.3.11)
NOTICE: [5/5] idf (5.5.4)
-- ESP-TEE is currently supported only on the esp32c6;esp32h2;esp32c5 SoCs
-- Project sdkconfig file B:/CaPilot/firmware/esp32_s3/keyboard_demo/sdkconfig
Loading defaults file B:/CaPilot/firmware/esp32_s3/keyboard_demo/sdkconfig.defaults...
-- Compiler supported targets: xtensa-esp-elf
-- Detecting C compiler ABI info
-- Detecting C compiler ABI info - done
-- Detecting CXX compiler ABI info
-- Detecting CXX compiler ABI info - done
-- Detecting C compiler ABI info
-- Detecting C compiler ABI info - done
-- Detecting CXX compiler ABI info
-- Detecting CXX compiler ABI info - done
-- USING O3
-- App "keyboard_demo" version: 1
-- Adding linker script B:/CaPilot/firmware/esp32_s3/keyboard_demo/build/esp-idf/esp_system/ld/memory.ld
-- Adding linker script B:/CaPilot/firmware/esp32_s3/keyboard_demo/build/esp-idf/esp_system/ld/sections.ld.in
-- Adding linker script A:/ESPIDF/Espressif5/frameworks/esp-idf-v5.5.4/components/esp_rom/esp32s3/ld/esp32s3.rom.ld
-- Adding linker script A:/ESPIDF/Espressif5/frameworks/esp-idf-v5.5.4/components/esp_rom/esp32s3/ld/esp32s3.rom.api.ld
-- Adding linker script A:/ESPIDF/Espressif5/frameworks/esp-idf-v5.5.4/components/esp_rom/esp32s3/ld/esp32s3.rom.bt_funcs.ld
-- Adding linker script A:/ESPIDF/Espressif5/frameworks/esp-idf-v5.5.4/components/esp_rom/esp32s3/ld/esp32s3.rom.libgcc.ld
-- Adding linker script A:/ESPIDF/Espressif5/frameworks/esp-idf-v5.5.4/components/esp_rom/esp32s3/ld/esp32s3.rom.wdt.ld
-- Adding linker script A:/ESPIDF/Espressif5/frameworks/esp-idf-v5.5.4/components/esp_rom/esp32s3/ld/esp32s3.rom.version.ld
-- Adding linker script A:/ESPIDF/Espressif5/frameworks/esp-idf-v5.5.4/components/esp_rom/esp32s3/ld/esp32s3.rom.ble_50.ld
-- Adding linker script A:/ESPIDF/Espressif5/frameworks/esp-idf-v5.5.4/components/esp_rom/esp32s3/ld/esp32s3.rom.ble_cca.ld
-- Adding linker script A:/ESPIDF/Espressif5/frameworks/esp-idf-v5.5.4/components/esp_rom/esp32s3/ld/esp32s3.rom.ble_test.ld
-- Adding linker script A:/ESPIDF/Espressif5/frameworks/esp-idf-v5.5.4/components/esp_rom/esp32s3/ld/esp32s3.rom.libc.ld
-- Adding linker script A:/ESPIDF/Espressif5/frameworks/esp-idf-v5.5.4/components/esp_rom/esp32s3/ld/esp32s3.rom.newlib.ld
-- Adding linker script A:/ESPIDF/Espressif5/frameworks/esp-idf-v5.5.4/components/soc/esp32s3/ld/esp32s3.peripherals.ld
-- Components: app_trace app_update bootloader bootloader_support bt capilot_hid_keyboard cmock console cxx driver efuse esp-tls esp_adc esp_app_format esp_bootloader_format esp_coex esp_common esp_driver_ana_cmpr esp_driver_bitscrambler esp_driver_cam esp_driver_dac esp_driver_gpio esp_driver_gptimer esp_driver_i2c esp_driver_i2s esp_driver_isp esp_driver_jpeg esp_driver_ledc esp_driver_mcpwm esp_driver_parlio esp_driver_pcnt esp_driver_ppa esp_driver_rmt esp_driver_sdio esp_driver_sdm esp_driver_sdmmc esp_driver_sdspi esp_driver_spi esp_driver_touch_sens esp_driver_tsens esp_driver_twai esp_driver_uart esp_driver_usb_serial_jtag esp_eth esp_event esp_gdbstub esp_hal_ieee802154 esp_hid esp_http_client esp_http_server esp_https_ota esp_https_server esp_hw_support esp_lcd esp_local_ctrl esp_mm esp_netif esp_netif_stack esp_partition esp_phy esp_pm esp_psram esp_ringbuf esp_rom esp_security esp_system esp_timer esp_vfs_console esp_wifi espcoredump espressif__esp_lcd_touch espressif__esp_lcd_touch_ft5x06 espressif__esp_lvgl_port esptool_py fatfs freertos hal heap http_parser idf_test ieee802154 json log lvgl__lvgl lwip main mbedtls mqtt newlib nvs_flash nvs_sec_provider openthread partition_table perfmon protobuf-c protocomm pthread rt sdmmc soc spi_flash spiffs tcp_transport touch_element ulp unity usb vfs wear_levelling wifi_provisioning wpa_supplicant xtensa
-- Component paths: A:/ESPIDF/Espressif5/frameworks/esp-idf-v5.5.4/components/app_trace A:/ESPIDF/Espressif5/frameworks/esp-idf-v5.5.4/components/app_update A:/ESPIDF/Espressif5/frameworks/esp-idf-v5.5.4/components/bootloader A:/ESPIDF/Espressif5/frameworks/esp-idf-v5.5.4/components/bootloader_support A:/ESPIDF/Espressif5/frameworks/esp-idf-v5.5.4/components/bt B:/CaPilot/firmware/esp32_s3/keyboard_demo/components/capilot_hid_keyboard A:/ESPIDF/Espressif5/frameworks/esp-idf-v5.5.4/components/cmock A:/ESPIDF/Espressif5/frameworks/esp-idf-v5.5.4/components/console A:/ESPIDF/Espressif5/frameworks/esp-idf-v5.5.4/components/cxx A:/ESPIDF/Espressif5/frameworks/esp-idf-v5.5.4/components/driver A:/ESPIDF/Espressif5/frameworks/esp-idf-v5.5.4/components/efuse A:/ESPIDF/Espressif5/frameworks/esp-idf-v5.5.4/components/esp-tls A:/ESPIDF/Espressif5/frameworks/esp-idf-v5.5.4/components/esp_adc A:/ESPIDF/Espressif5/frameworks/esp-idf-v5.5.4/components/esp_app_format A:/ESPIDF/Espressif5/frameworks/esp-idf-v5.5.4/components/esp_bootloader_format A:/ESPIDF/Espressif5/frameworks/esp-idf-v5.5.4/components/esp_coex A:/ESPIDF/Espressif5/frameworks/esp-idf-v5.5.4/components/esp_common A:/ESPIDF/Espressif5/frameworks/esp-idf-v5.5.4/components/esp_driver_ana_cmpr A:/ESPIDF/Espressif5/frameworks/esp-idf-v5.5.4/components/esp_driver_bitscrambler A:/ESPIDF/Espressif5/frameworks/esp-idf-v5.5.4/components/esp_driver_cam A:/ESPIDF/Espressif5/frameworks/esp-idf-v5.5.4/components/esp_driver_dac A:/ESPIDF/Espressif5/frameworks/esp-idf-v5.5.4/components/esp_driver_gpio A:/ESPIDF/Espressif5/frameworks/esp-idf-v5.5.4/components/esp_driver_gptimer A:/ESPIDF/Espressif5/frameworks/esp-idf-v5.5.4/components/esp_driver_i2c A:/ESPIDF/Espressif5/frameworks/esp-idf-v5.5.4/components/esp_driver_i2s A:/ESPIDF/Espressif5/frameworks/esp-idf-v5.5.4/components/esp_driver_isp A:/ESPIDF/Espressif5/frameworks/esp-idf-v5.5.4/components/esp_driver_jpeg A:/ESPIDF/Espressif5/frameworks/esp-idf-v5.5.4/components/esp_driver_ledc A:/ESPIDF/Espressif5/frameworks/esp-idf-v5.5.4/components/esp_driver_mcpwm A:/ESPIDF/Espressif5/frameworks/esp-idf-v5.5.4/components/esp_driver_parlio A:/ESPIDF/Espressif5/frameworks/esp-idf-v5.5.4/components/esp_driver_pcnt A:/ESPIDF/Espressif5/frameworks/esp-idf-v5.5.4/components/esp_driver_ppa A:/ESPIDF/Espressif5/frameworks/esp-idf-v5.5.4/components/esp_driver_rmt A:/ESPIDF/Espressif5/frameworks/esp-idf-v5.5.4/components/esp_driver_sdio A:/ESPIDF/Espressif5/frameworks/esp-idf-v5.5.4/components/esp_driver_sdm A:/ESPIDF/Espressif5/frameworks/esp-idf-v5.5.4/components/esp_driver_sdmmc A:/ESPIDF/Espressif5/frameworks/esp-idf-v5.5.4/components/esp_driver_sdspi A:/ESPIDF/Espressif5/frameworks/esp-idf-v5.5.4/components/esp_driver_spi A:/ESPIDF/Espressif5/frameworks/esp-idf-v5.5.4/components/esp_driver_touch_sens A:/ESPIDF/Espressif5/frameworks/esp-idf-v5.5.4/components/esp_driver_tsens A:/ESPIDF/Espressif5/frameworks/esp-idf-v5.5.4/components/esp_driver_twai A:/ESPIDF/Espressif5/frameworks/esp-idf-v5.5.4/components/esp_driver_uart A:/ESPIDF/Espressif5/frameworks/esp-idf-v5.5.4/components/esp_driver_usb_serial_jtag A:/ESPIDF/Espressif5/frameworks/esp-idf-v5.5.4/components/esp_eth A:/ESPIDF/Espressif5/frameworks/esp-idf-v5.5.4/components/esp_event A:/ESPIDF/Espressif5/frameworks/esp-idf-v5.5.4/components/esp_gdbstub A:/ESPIDF/Espressif5/frameworks/esp-idf-v5.5.4/components/esp_hal_ieee802154 A:/ESPIDF/Espressif5/frameworks/esp-idf-v5.5.4/components/esp_hid A:/ESPIDF/Espressif5/frameworks/esp-idf-v5.5.4/components/esp_http_client A:/ESPIDF/Espressif5/frameworks/esp-idf-v5.5.4/components/esp_http_server A:/ESPIDF/Espressif5/frameworks/esp-idf-v5.5.4/components/esp_https_ota A:/ESPIDF/Espressif5/frameworks/esp-idf-v5.5.4/components/esp_https_server A:/ESPIDF/Espressif5/frameworks/esp-idf-v5.5.4/components/esp_hw_support A:/ESPIDF/Espressif5/frameworks/esp-idf-v5.5.4/components/esp_lcd A:/ESPIDF/Espressif5/frameworks/esp-idf-v5.5.4/components/esp_local_ctrl A:/ESPIDF/Espressif5/frameworks/esp-idf-v5.5.4/components/esp_mm A:/ESPIDF/Espressif5/frameworks/esp-idf-v5.5.4/components/esp_netif A:/ESPIDF/Espressif5/frameworks/esp-idf-v5.5.4/components/esp_netif_stack A:/ESPIDF/Espressif5/frameworks/esp-idf-v5.5.4/components/esp_partition A:/ESPIDF/Espressif5/frameworks/esp-idf-v5.5.4/components/esp_phy A:/ESPIDF/Espressif5/frameworks/esp-idf-v5.5.4/components/esp_pm A:/ESPIDF/Espressif5/frameworks/esp-idf-v5.5.4/components/esp_psram A:/ESPIDF/Espressif5/frameworks/esp-idf-v5.5.4/components/esp_ringbuf A:/ESPIDF/Espressif5/frameworks/esp-idf-v5.5.4/components/esp_rom A:/ESPIDF/Espressif5/frameworks/esp-idf-v5.5.4/components/esp_security A:/ESPIDF/Espressif5/frameworks/esp-idf-v5.5.4/components/esp_system A:/ESPIDF/Espressif5/frameworks/esp-idf-v5.5.4/components/esp_timer A:/ESPIDF/Espressif5/frameworks/esp-idf-v5.5.4/components/esp_vfs_console A:/ESPIDF/Espressif5/frameworks/esp-idf-v5.5.4/components/esp_wifi A:/ESPIDF/Espressif5/frameworks/esp-idf-v5.5.4/components/espcoredump B:/CaPilot/firmware/esp32_s3/keyboard_demo/managed_components/espressif__esp_lcd_touch B:/CaPilot/firmware/esp32_s3/keyboard_demo/managed_components/espressif__esp_lcd_touch_ft5x06 B:/CaPilot/firmware/esp32_s3/keyboard_demo/managed_components/espressif__esp_lvgl_port A:/ESPIDF/Espressif5/frameworks/esp-idf-v5.5.4/components/esptool_py A:/ESPIDF/Espressif5/frameworks/esp-idf-v5.5.4/components/fatfs A:/ESPIDF/Espressif5/frameworks/esp-idf-v5.5.4/components/freertos A:/ESPIDF/Espressif5/frameworks/esp-idf-v5.5.4/components/hal A:/ESPIDF/Espressif5/frameworks/esp-idf-v5.5.4/components/heap A:/ESPIDF/Espressif5/frameworks/esp-idf-v5.5.4/components/http_parser A:/ESPIDF/Espressif5/frameworks/esp-idf-v5.5.4/components/idf_test A:/ESPIDF/Espressif5/frameworks/esp-idf-v5.5.4/components/ieee802154 A:/ESPIDF/Espressif5/frameworks/esp-idf-v5.5.4/components/json A:/ESPIDF/Espressif5/frameworks/esp-idf-v5.5.4/components/log B:/CaPilot/firmware/esp32_s3/keyboard_demo/managed_components/lvgl__lvgl A:/ESPIDF/Espressif5/frameworks/esp-idf-v5.5.4/components/lwip B:/CaPilot/firmware/esp32_s3/keyboard_demo/main A:/ESPIDF/Espressif5/frameworks/esp-idf-v5.5.4/components/mbedtls A:/ESPIDF/Espressif5/frameworks/esp-idf-v5.5.4/components/mqtt A:/ESPIDF/Espressif5/frameworks/esp-idf-v5.5.4/components/newlib A:/ESPIDF/Espressif5/frameworks/esp-idf-v5.5.4/components/nvs_flash A:/ESPIDF/Espressif5/frameworks/esp-idf-v5.5.4/components/nvs_sec_provider A:/ESPIDF/Espressif5/frameworks/esp-idf-v5.5.4/components/openthread A:/ESPIDF/Espressif5/frameworks/esp-idf-v5.5.4/components/partition_table A:/ESPIDF/Espressif5/frameworks/esp-idf-v5.5.4/components/perfmon A:/ESPIDF/Espressif5/frameworks/esp-idf-v5.5.4/components/protobuf-c A:/ESPIDF/Espressif5/frameworks/esp-idf-v5.5.4/components/protocomm A:/ESPIDF/Espressif5/frameworks/esp-idf-v5.5.4/components/pthread A:/ESPIDF/Espressif5/frameworks/esp-idf-v5.5.4/components/rt A:/ESPIDF/Espressif5/frameworks/esp-idf-v5.5.4/components/sdmmc A:/ESPIDF/Espressif5/frameworks/esp-idf-v5.5.4/components/soc A:/ESPIDF/Espressif5/frameworks/esp-idf-v5.5.4/components/spi_flash A:/ESPIDF/Espressif5/frameworks/esp-idf-v5.5.4/components/spiffs A:/ESPIDF/Espressif5/frameworks/esp-idf-v5.5.4/components/tcp_transport A:/ESPIDF/Espressif5/frameworks/esp-idf-v5.5.4/components/touch_element A:/ESPIDF/Espressif5/frameworks/esp-idf-v5.5.4/components/ulp A:/ESPIDF/Espressif5/frameworks/esp-idf-v5.5.4/components/unity A:/ESPIDF/Espressif5/frameworks/esp-idf-v5.5.4/components/usb A:/ESPIDF/Espressif5/frameworks/esp-idf-v5.5.4/components/vfs A:/ESPIDF/Espressif5/frameworks/esp-idf-v5.5.4/components/wear_levelling A:/ESPIDF/Espressif5/frameworks/esp-idf-v5.5.4/components/wifi_provisioning A:/ESPIDF/Espressif5/frameworks/esp-idf-v5.5.4/components/wpa_supplicant A:/ESPIDF/Espressif5/frameworks/esp-idf-v5.5.4/components/xtensa
-- Configuring done (5.4s)
-- Generating done (0.7s)
-- Build files have been written to: B:/CaPilot/firmware/esp32_s3/keyboard_demo/build
[1/117] Building C object esp-idf/capilot_hid_keyboard/CMakeFiles/__idf_capilot_hid_keyboard.dir/hid_dev.c.obj
[2/117] Building C object esp-idf/capilot_hid_keyboard/CMakeFiles/__idf_capilot_hid_keyboard.dir/esp_hidd_prf_api.c.obj
[3/117] Building C object esp-idf/capilot_hid_keyboard/CMakeFiles/__idf_capilot_hid_keyboard.dir/hid_device_le_prf.c.obj
[4/117] Building C object esp-idf/capilot_hid_keyboard/CMakeFiles/__idf_capilot_hid_keyboard.dir/capilot_hid_keyboard.c.obj
[5/117] Building C object esp-idf/capilot_hid_keyboard/CMakeFiles/__idf_capilot_hid_keyboard.dir/ble_hidd_demo.c.obj
[6/117] Building C object esp-idf/esp_hid/CMakeFiles/__idf_esp_hid.dir/src/esp_hidd.c.obj
[7/117] Building C object esp-idf/esp_eth/CMakeFiles/__idf_esp_eth.dir/src/esp_eth_netif_glue.c.obj
[8/117] Building C object esp-idf/esp_hid/CMakeFiles/__idf_esp_hid.dir/src/bt_hidd.c.obj
[9/117] Building C object esp-idf/esp_hid/CMakeFiles/__idf_esp_hid.dir/src/esp_hid_common.c.obj
[10/117] Linking C static library esp-idf\esp_https_server\libesp_https_server.a
[11/117] Building C object esp-idf/esp_hid/CMakeFiles/__idf_esp_hid.dir/src/bt_hidh.c.obj
[12/117] Linking C static library esp-idf\protocomm\libprotocomm.a
[13/117] Building C object esp-idf/espcoredump/CMakeFiles/__idf_espcoredump.dir/src/core_dump_init.c.obj
[14/117] Building C object esp-idf/esp_hid/CMakeFiles/__idf_esp_hid.dir/src/esp_hidh.c.obj
[15/117] Building C object esp-idf/esp_eth/CMakeFiles/__idf_esp_eth.dir/src/phy/esp_eth_phy_802_3.c.obj
[16/117] Building C object esp-idf/esp_hid/CMakeFiles/__idf_esp_hid.dir/src/ble_hidh.c.obj
[17/117] Building C object esp-idf/esp_hid/CMakeFiles/__idf_esp_hid.dir/src/ble_hidd.c.obj
[18/117] Building C object esp-idf/esp_local_ctrl/CMakeFiles/__idf_esp_local_ctrl.dir/src/esp_local_ctrl.c.obj
[19/117] Building C object esp-idf/espcoredump/CMakeFiles/__idf_espcoredump.dir/src/core_dump_crc.c.obj
[20/117] Building C object esp-idf/espcoredump/CMakeFiles/__idf_espcoredump.dir/src/core_dump_sha.c.obj
[21/117] Building C object esp-idf/esp_local_ctrl/CMakeFiles/__idf_esp_local_ctrl.dir/src/esp_local_ctrl_handler.c.obj
[22/117] Building C object esp-idf/esp_local_ctrl/CMakeFiles/__idf_esp_local_ctrl.dir/proto-c/esp_local_ctrl.pb-c.c.obj
[23/117] Building C object esp-idf/espcoredump/CMakeFiles/__idf_espcoredump.dir/src/core_dump_common.c.obj
[24/117] Building ASM object esp-idf/espcoredump/CMakeFiles/__idf_espcoredump.dir/src/port/xtensa/core_dump_stack_switch.S.obj
[25/117] Building C object esp-idf/esp_local_ctrl/CMakeFiles/__idf_esp_local_ctrl.dir/src/esp_local_ctrl_transport_httpd.c.obj
[26/117] Building C object esp-idf/esp_local_ctrl/CMakeFiles/__idf_esp_local_ctrl.dir/src/esp_local_ctrl_transport_ble.c.obj
[27/117] Building C object esp-idf/espcoredump/CMakeFiles/__idf_espcoredump.dir/src/core_dump_binary.c.obj
[28/117] Building C object esp-idf/espcoredump/CMakeFiles/__idf_espcoredump.dir/src/core_dump_uart.c.obj
[29/117] Building C object esp-idf/espcoredump/CMakeFiles/__idf_espcoredump.dir/src/core_dump_elf.c.obj
[30/117] Building C object esp-idf/espcoredump/CMakeFiles/__idf_espcoredump.dir/src/port/xtensa/core_dump_port.c.obj
[31/117] Building C object esp-idf/espcoredump/CMakeFiles/__idf_espcoredump.dir/src/core_dump_flash.c.obj
[32/117] Linking C static library esp-idf\wear_levelling\libwear_levelling.a
[33/117] Building C object esp-idf/fatfs/CMakeFiles/__idf_fatfs.dir/port/freertos/ffsystem.c.obj
[34/117] Building C object esp-idf/fatfs/CMakeFiles/__idf_fatfs.dir/diskio/diskio.c.obj
[35/117] Building C object esp-idf/fatfs/CMakeFiles/__idf_fatfs.dir/diskio/diskio_wl.c.obj
[36/117] Building C object esp-idf/fatfs/CMakeFiles/__idf_fatfs.dir/diskio/diskio_rawflash.c.obj
[37/117] Building C object esp-idf/fatfs/CMakeFiles/__idf_fatfs.dir/src/ffunicode.c.obj
[38/117] Linking C static library esp-idf\json\libjson.a
[39/117] Building C object esp-idf/perfmon/CMakeFiles/__idf_perfmon.dir/xtensa_perfmon_access.c.obj
[40/117] Building C object esp-idf/fatfs/CMakeFiles/__idf_fatfs.dir/diskio/diskio_sdmmc.c.obj
[41/117] Building C object esp-idf/perfmon/CMakeFiles/__idf_perfmon.dir/xtensa_perfmon_apis.c.obj
[42/117] Building C object esp-idf/nvs_sec_provider/CMakeFiles/__idf_nvs_sec_provider.dir/nvs_sec_provider.c.obj
[43/117] Building C object esp-idf/perfmon/CMakeFiles/__idf_perfmon.dir/xtensa_perfmon_masks.c.obj
[44/117] Building C object esp-idf/mqtt/CMakeFiles/__idf_mqtt.dir/esp-mqtt/lib/platform_esp32_idf.c.obj
[45/117] Building C object esp-idf/fatfs/CMakeFiles/__idf_fatfs.dir/vfs/vfs_fat_spiflash.c.obj
[46/117] Building C object esp-idf/mqtt/CMakeFiles/__idf_mqtt.dir/esp-mqtt/lib/mqtt_outbox.c.obj
[47/117] Building C object esp-idf/fatfs/CMakeFiles/__idf_fatfs.dir/vfs/vfs_fat_sdmmc.c.obj
[48/117] Building C object esp-idf/mqtt/CMakeFiles/__idf_mqtt.dir/esp-mqtt/lib/mqtt_msg.c.obj
[49/117] Building C object esp-idf/fatfs/CMakeFiles/__idf_fatfs.dir/vfs/vfs_fat.c.obj
[50/117] Building C object esp-idf/spiffs/CMakeFiles/__idf_spiffs.dir/spiffs/src/spiffs_cache.c.obj
[51/117] Building C object esp-idf/rt/CMakeFiles/__idf_rt.dir/FreeRTOS_POSIX_utils.c.obj
[52/117] Building C object esp-idf/spiffs/CMakeFiles/__idf_spiffs.dir/spiffs_api.c.obj
[53/117] Building C object esp-idf/rt/CMakeFiles/__idf_rt.dir/FreeRTOS_POSIX_mqueue.c.obj
[54/117] Building C object esp-idf/spiffs/CMakeFiles/__idf_spiffs.dir/spiffs/src/spiffs_gc.c.obj
[55/117] Building C object esp-idf/fatfs/CMakeFiles/__idf_fatfs.dir/src/ff.c.obj
[56/117] Building C object esp-idf/spiffs/CMakeFiles/__idf_spiffs.dir/spiffs/src/spiffs_check.c.obj
[57/117] Building C object esp-idf/spiffs/CMakeFiles/__idf_spiffs.dir/spiffs/src/spiffs_hydrogen.c.obj
[58/117] Building C object esp-idf/touch_element/CMakeFiles/__idf_touch_element.dir/touch_button.c.obj
[59/117] Building C object esp-idf/spiffs/CMakeFiles/__idf_spiffs.dir/esp_spiffs.c.obj
[60/117] Building C object esp-idf/usb/CMakeFiles/__idf_usb.dir/usb_private.c.obj
[61/117] Building C object esp-idf/touch_element/CMakeFiles/__idf_touch_element.dir/touch_matrix.c.obj
[62/117] Building C object esp-idf/touch_element/CMakeFiles/__idf_touch_element.dir/touch_slider.c.obj
[63/117] Building C object esp-idf/usb/CMakeFiles/__idf_usb.dir/enum.c.obj
[64/117] Building C object esp-idf/usb/CMakeFiles/__idf_usb.dir/usb_helpers.c.obj
[65/117] Building C object esp-idf/usb/CMakeFiles/__idf_usb.dir/hub.c.obj
[66/117] Building C object esp-idf/touch_element/CMakeFiles/__idf_touch_element.dir/touch_element.c.obj
[67/117] Building C object esp-idf/mqtt/CMakeFiles/__idf_mqtt.dir/esp-mqtt/mqtt_client.c.obj
[68/117] Building C object esp-idf/spiffs/CMakeFiles/__idf_spiffs.dir/spiffs/src/spiffs_nucleus.c.obj
[69/117] Building C object esp-idf/wifi_provisioning/CMakeFiles/__idf_wifi_provisioning.dir/src/wifi_config.c.obj
[70/117] Building C object esp-idf/usb/CMakeFiles/__idf_usb.dir/usb_phy.c.obj
[71/117] Building C object esp-idf/wifi_provisioning/CMakeFiles/__idf_wifi_provisioning.dir/src/wifi_ctrl.c.obj
[72/117] Building C object esp-idf/wifi_provisioning/CMakeFiles/__idf_wifi_provisioning.dir/src/wifi_scan.c.obj
[73/117] Building C object esp-idf/wifi_provisioning/CMakeFiles/__idf_wifi_provisioning.dir/proto-c/wifi_constants.pb-c.c.obj
[74/117] Building C object esp-idf/usb/CMakeFiles/__idf_usb.dir/usbh.c.obj
[75/117] Building C object esp-idf/wifi_provisioning/CMakeFiles/__idf_wifi_provisioning.dir/proto-c/wifi_config.pb-c.c.obj
[76/117] Building C object esp-idf/usb/CMakeFiles/__idf_usb.dir/hcd_dwc.c.obj
[77/117] Building C object esp-idf/usb/CMakeFiles/__idf_usb.dir/usb_host.c.obj
[78/117] Building C object esp-idf/wifi_provisioning/CMakeFiles/__idf_wifi_provisioning.dir/src/handlers.c.obj
[79/117] Building C object esp-idf/wifi_provisioning/CMakeFiles/__idf_wifi_provisioning.dir/proto-c/wifi_scan.pb-c.c.obj
[80/117] Building C object esp-idf/wifi_provisioning/CMakeFiles/__idf_wifi_provisioning.dir/proto-c/wifi_ctrl.pb-c.c.obj
[81/117] Building C object esp-idf/wifi_provisioning/CMakeFiles/__idf_wifi_provisioning.dir/src/scheme_console.c.obj
[82/117] Linking C static library esp-idf\espressif__esp_lcd_touch_ft5x06\libespressif__esp_lcd_touch_ft5x06.a
[83/117] Linking C static library esp-idf\capilot_hid_keyboard\libcapilot_hid_keyboard.a
[84/117] Building C object esp-idf/wifi_provisioning/CMakeFiles/__idf_wifi_provisioning.dir/src/scheme_softap.c.obj
[85/117] Linking C static library esp-idf\espressif__esp_lvgl_port\libespressif__esp_lvgl_port.a
[86/117] Linking C static library esp-idf\app_trace\libapp_trace.a
[87/117] Building C object esp-idf/wifi_provisioning/CMakeFiles/__idf_wifi_provisioning.dir/src/scheme_ble.c.obj
[88/117] Building C object esp-idf/main/CMakeFiles/__idf_main.dir/main.c.obj
FAILED: esp-idf/main/CMakeFiles/__idf_main.dir/main.c.obj 
A:\ESPIDF\Espressif5\tools\xtensa-esp-elf\esp-14.2.0_20260121\xtensa-esp-elf\bin\xtensa-esp32s3-elf-gcc.exe -DESP_PLATFORM -DIDF_VER=\"v5.5.4\" -DLV_CONF_INCLUDE_SIMPLE -DSOC_MMU_PAGE_SIZE=CONFIG_MMU_PAGE_SIZE -DSOC_XTAL_FREQ_MHZ=CONFIG_XTAL_FREQ -D_GLIBCXX_HAVE_POSIX_SEMAPHORE -D_GLIBCXX_USE_POSIX_SEMAPHORE -D_GNU_SOURCE -D_POSIX_READER_WRITER_LOCKS -IB:/CaPilot/firmware/esp32_s3/keyboard_demo/build/config -IB:/CaPilot/firmware/esp32_s3/keyboard_demo/main -IA:/ESPIDF/Espressif5/frameworks/esp-idf-v5.5.4/components/newlib/platform_include -IA:/ESPIDF/Espressif5/frameworks/esp-idf-v5.5.4/components/freertos/config/include -IA:/ESPIDF/Espressif5/frameworks/esp-idf-v5.5.4/components/freertos/config/include/freertos -IA:/ESPIDF/Espressif5/frameworks/esp-idf-v5.5.4/components/freertos/config/xtensa/include -IA:/ESPIDF/Espressif5/frameworks/esp-idf-v5.5.4/components/freertos/FreeRTOS-Kernel/include -IA:/ESPIDF/Espressif5/frameworks/esp-idf-v5.5.4/components/freertos/FreeRTOS-Kernel/portable/xtensa/include -IA:/ESPIDF/Espressif5/frameworks/esp-idf-v5.5.4/components/freertos/FreeRTOS-Kernel/portable/xtensa/include/freertos -IA:/ESPIDF/Espressif5/frameworks/esp-idf-v5.5.4/components/freertos/esp_additions/include -IA:/ESPIDF/Espressif5/frameworks/esp-idf-v5.5.4/components/esp_hw_support/include -IA:/ESPIDF/Espressif5/frameworks/esp-idf-v5.5.4/components/esp_hw_support/include/soc -IA:/ESPIDF/Espressif5/frameworks/esp-idf-v5.5.4/components/esp_hw_support/include/soc/esp32s3 -IA:/ESPIDF/Espressif5/frameworks/esp-idf-v5.5.4/components/esp_hw_support/dma/include -IA:/ESPIDF/Espressif5/frameworks/esp-idf-v5.5.4/components/esp_hw_support/ldo/include -IA:/ESPIDF/Espressif5/frameworks/esp-idf-v5.5.4/components/esp_hw_support/debug_probe/include -IA:/ESPIDF/Espressif5/frameworks/esp-idf-v5.5.4/components/esp_hw_support/mspi_timing_tuning/include -IA:/ESPIDF/Espressif5/frameworks/esp-idf-v5.5.4/components/esp_hw_support/mspi_timing_tuning/tuning_scheme_impl/include -IA:/ESPIDF/Espressif5/frameworks/esp-idf-v5.5.4/components/esp_hw_support/power_supply/include -IA:/ESPIDF/Espressif5/frameworks/esp-idf-v5.5.4/components/esp_hw_support/port/esp32s3/. -IA:/ESPIDF/Espressif5/frameworks/esp-idf-v5.5.4/components/esp_hw_support/port/esp32s3/include -IA:/ESPIDF/Espressif5/frameworks/esp-idf-v5.5.4/components/esp_hw_support/mspi_timing_tuning/port/esp32s3/. -IA:/ESPIDF/Espressif5/frameworks/esp-idf-v5.5.4/components/esp_hw_support/mspi_timing_tuning/port/esp32s3/include -IA:/ESPIDF/Espressif5/frameworks/esp-idf-v5.5.4/components/heap/include -IA:/ESPIDF/Espressif5/frameworks/esp-idf-v5.5.4/components/heap/tlsf -IA:/ESPIDF/Espressif5/frameworks/esp-idf-v5.5.4/components/log/include -IA:/ESPIDF/Espressif5/frameworks/esp-idf-v5.5.4/components/soc/include -IA:/ESPIDF/Espressif5/frameworks/esp-idf-v5.5.4/components/soc/esp32s3 -IA:/ESPIDF/Espressif5/frameworks/esp-idf-v5.5.4/components/soc/esp32s3/include -IA:/ESPIDF/Espressif5/frameworks/esp-idf-v5.5.4/components/soc/esp32s3/register -IA:/ESPIDF/Espressif5/frameworks/esp-idf-v5.5.4/components/hal/platform_port/include -IA:/ESPIDF/Espressif5/frameworks/esp-idf-v5.5.4/components/hal/esp32s3/include -IA:/ESPIDF/Espressif5/frameworks/esp-idf-v5.5.4/components/hal/include -IA:/ESPIDF/Espressif5/frameworks/esp-idf-v5.5.4/components/esp_rom/include -IA:/ESPIDF/Espressif5/frameworks/esp-idf-v5.5.4/components/esp_rom/esp32s3/include -IA:/ESPIDF/Espressif5/frameworks/esp-idf-v5.5.4/components/esp_rom/esp32s3/include/esp32s3 -IA:/ESPIDF/Espressif5/frameworks/esp-idf-v5.5.4/components/esp_rom/esp32s3 -IA:/ESPIDF/Espressif5/frameworks/esp-idf-v5.5.4/components/esp_common/include -IA:/ESPIDF/Espressif5/frameworks/esp-idf-v5.5.4/components/esp_system/include -IA:/ESPIDF/Espressif5/frameworks/esp-idf-v5.5.4/components/esp_system/port/soc -IA:/ESPIDF/Espressif5/frameworks/esp-idf-v5.5.4/components/esp_system/port/include/private -IA:/ESPIDF/Espressif5/frameworks/esp-idf-v5.5.4/components/xtensa/esp32s3/include -IA:/ESPIDF/Espressif5/frameworks/esp-idf-v5.5.4/components/xtensa/include -IA:/ESPIDF/Espressif5/frameworks/esp-idf-v5.5.4/components/xtensa/deprecated_include -IA:/ESPIDF/Espressif5/frameworks/esp-idf-v5.5.4/components/lwip/include -IA:/ESPIDF/Espressif5/frameworks/esp-idf-v5.5.4/components/lwip/include/apps -IA:/ESPIDF/Espressif5/frameworks/esp-idf-v5.5.4/components/lwip/include/apps/sntp -IA:/ESPIDF/Espressif5/frameworks/esp-idf-v5.5.4/components/lwip/lwip/src/include -IA:/ESPIDF/Espressif5/frameworks/esp-idf-v5.5.4/components/lwip/port/include -IA:/ESPIDF/Espressif5/frameworks/esp-idf-v5.5.4/components/lwip/port/freertos/include -IA:/ESPIDF/Espressif5/frameworks/esp-idf-v5.5.4/components/lwip/port/esp32xx/include -IA:/ESPIDF/Espressif5/frameworks/esp-idf-v5.5.4/components/lwip/port/esp32xx/include/arch -IA:/ESPIDF/Espressif5/frameworks/esp-idf-v5.5.4/components/lwip/port/esp32xx/include/sys -IB:/CaPilot/firmware/esp32_s3/keyboard_demo/components/capilot_hid_keyboard -IB:/CaPilot/firmware/esp32_s3/keyboard_demo/components/capilot_hid_keyboard/include -IA:/ESPIDF/Espressif5/frameworks/esp-idf-v5.5.4/components/bt/include/esp32c3/include -IA:/ESPIDF/Espressif5/frameworks/esp-idf-v5.5.4/components/bt/common/osi/include -IA:/ESPIDF/Espressif5/frameworks/esp-idf-v5.5.4/components/bt/common/api/include/api -IA:/ESPIDF/Espressif5/frameworks/esp-idf-v5.5.4/components/bt/common/btc/profile/esp/blufi/include -IA:/ESPIDF/Espressif5/frameworks/esp-idf-v5.5.4/components/bt/common/btc/profile/esp/include -IA:/ESPIDF/Espressif5/frameworks/esp-idf-v5.5.4/components/bt/common/hci_log/include -IA:/ESPIDF/Espressif5/frameworks/esp-idf-v5.5.4/components/bt/common/ble_log/include -IA:/ESPIDF/Espressif5/frameworks/esp-idf-v5.5.4/components/bt/host/bluedroid/api/include/api -IA:/ESPIDF/Espressif5/frameworks/esp-idf-v5.5.4/components/bt/common/tinycrypt/include -IA:/ESPIDF/Espressif5/frameworks/esp-idf-v5.5.4/components/bt/common/tinycrypt/port -IA:/ESPIDF/Espressif5/frameworks/esp-idf-v5.5.4/components/esp_timer/include -IA:/ESPIDF/Espressif5/frameworks/esp-idf-v5.5.4/components/esp_wifi/include -IA:/ESPIDF/Espressif5/frameworks/esp-idf-v5.5.4/components/esp_wifi/include/local -IA:/ESPIDF/Espressif5/frameworks/esp-idf-v5.5.4/components/esp_wifi/wifi_apps/include -IA:/ESPIDF/Espressif5/frameworks/esp-idf-v5.5.4/components/esp_wifi/wifi_apps/nan_app/include -IA:/ESPIDF/Espressif5/frameworks/esp-idf-v5.5.4/components/esp_event/include -IA:/ESPIDF/Espressif5/frameworks/esp-idf-v5.5.4/components/esp_phy/include -IA:/ESPIDF/Espressif5/frameworks/esp-idf-v5.5.4/components/esp_phy/esp32s3/include -IA:/ESPIDF/Espressif5/frameworks/esp-idf-v5.5.4/components/esp_netif/include -IA:/ESPIDF/Espressif5/frameworks/esp-idf-v5.5.4/components/nvs_flash/include -IA:/ESPIDF/Espressif5/frameworks/esp-idf-v5.5.4/components/esp_partition/include -IA:/ESPIDF/Espressif5/frameworks/esp-idf-v5.5.4/components/esp_driver_gpio/include -IB:/CaPilot/firmware/esp32_s3/keyboard_demo/managed_components/espressif__esp_lcd_touch_ft5x06/include -IA:/ESPIDF/Espressif5/frameworks/esp-idf-v5.5.4/components/esp_lcd/include -IA:/ESPIDF/Espressif5/frameworks/esp-idf-v5.5.4/components/esp_lcd/interface -IA:/ESPIDF/Espressif5/frameworks/esp-idf-v5.5.4/components/esp_lcd/rgb/include -IA:/ESPIDF/Espressif5/frameworks/esp-idf-v5.5.4/components/driver/deprecated -IA:/ESPIDF/Espressif5/frameworks/esp-idf-v5.5.4/components/driver/i2c/include -IA:/ESPIDF/Espressif5/frameworks/esp-idf-v5.5.4/components/driver/touch_sensor/include -IA:/ESPIDF/Espressif5/frameworks/esp-idf-v5.5.4/components/driver/twai/include -IA:/ESPIDF/Espressif5/frameworks/esp-idf-v5.5.4/components/driver/touch_sensor/esp32s3/include -IA:/ESPIDF/Espressif5/frameworks/esp-idf-v5.5.4/components/esp_pm/include -IA:/ESPIDF/Espressif5/frameworks/esp-idf-v5.5.4/components/esp_ringbuf/include -IA:/ESPIDF/Espressif5/frameworks/esp-idf-v5.5.4/components/esp_driver_pcnt/include -IA:/ESPIDF/Espressif5/frameworks/esp-idf-v5.5.4/components/esp_driver_gptimer/include -IA:/ESPIDF/Espressif5/frameworks/esp-idf-v5.5.4/components/esp_driver_spi/include -IA:/ESPIDF/Espressif5/frameworks/esp-idf-v5.5.4/components/esp_driver_mcpwm/include -IA:/ESPIDF/Espressif5/frameworks/esp-idf-v5.5.4/components/esp_driver_ana_cmpr/include -IA:/ESPIDF/Espressif5/frameworks/esp-idf-v5.5.4/components/esp_driver_i2s/include -IA:/ESPIDF/Espressif5/frameworks/esp-idf-v5.5.4/components/esp_driver_sdmmc/include -IA:/ESPIDF/Espressif5/frameworks/esp-idf-v5.5.4/components/sdmmc/include -IA:/ESPIDF/Espressif5/frameworks/esp-idf-v5.5.4/components/esp_driver_sdspi/include -IA:/ESPIDF/Espressif5/frameworks/esp-idf-v5.5.4/components/esp_driver_sdio/include -IA:/ESPIDF/Espressif5/frameworks/esp-idf-v5.5.4/components/esp_driver_dac/include -IA:/ESPIDF/Espressif5/frameworks/esp-idf-v5.5.4/components/esp_driver_rmt/include -IA:/ESPIDF/Espressif5/frameworks/esp-idf-v5.5.4/components/esp_driver_tsens/include -IA:/ESPIDF/Espressif5/frameworks/esp-idf-v5.5.4/components/esp_driver_sdm/include -IA:/ESPIDF/Espressif5/frameworks/esp-idf-v5.5.4/components/esp_driver_i2c/include -IA:/ESPIDF/Espressif5/frameworks/esp-idf-v5.5.4/components/esp_driver_uart/include -IA:/ESPIDF/Espressif5/frameworks/esp-idf-v5.5.4/components/vfs/include -IA:/ESPIDF/Espressif5/frameworks/esp-idf-v5.5.4/components/esp_driver_ledc/include -IA:/ESPIDF/Espressif5/frameworks/esp-idf-v5.5.4/components/esp_driver_parlio/include -IA:/ESPIDF/Espressif5/frameworks/esp-idf-v5.5.4/components/esp_driver_usb_serial_jtag/include -IA:/ESPIDF/Espressif5/frameworks/esp-idf-v5.5.4/components/esp_driver_twai/include -IB:/CaPilot/firmware/esp32_s3/keyboard_demo/managed_components/espressif__esp_lcd_touch/include -IB:/CaPilot/firmware/esp32_s3/keyboard_demo/managed_components/espressif__esp_lvgl_port/include -IB:/CaPilot/firmware/esp32_s3/keyboard_demo/managed_components/lvgl__lvgl -IB:/CaPilot/firmware/esp32_s3/keyboard_demo/managed_components/lvgl__lvgl/src -IB:/CaPilot/firmware/esp32_s3/keyboard_demo/managed_components -IB:/CaPilot/firmware/esp32_s3/keyboard_demo/managed_components/lvgl__lvgl/examples -IB:/CaPilot/firmware/esp32_s3/keyboard_demo/managed_components/lvgl__lvgl/demos @"B:/CaPilot/firmware/esp32_s3/keyboard_demo/build/toolchain/cflags" -fdiagnostics-color=always -ffunction-sections -fdata-sections -Wall -Werror=all -Wno-error=unused-function -Wno-error=unused-variable -Wno-error=unused-but-set-variable -Wno-error=deprecated-declarations -Wextra -Wno-error=extra -Wno-unused-parameter -Wno-sign-compare -Wno-enum-conversion -gdwarf-4 -ggdb -Og -fno-shrink-wrap -fmacro-prefix-map=B:/CaPilot/firmware/esp32_s3/keyboard_demo=. -fmacro-prefix-map=A:/ESPIDF/Espressif5/frameworks/esp-idf-v5.5.4=/IDF -fstrict-volatile-bitfields -fno-jump-tables -fno-tree-switch-conversion -std=gnu17 -Wno-old-style-declaration -MD -MT esp-idf/main/CMakeFiles/__idf_main.dir/main.c.obj -MF esp-idf\main\CMakeFiles\__idf_main.dir\main.c.obj.d -o esp-idf/main/CMakeFiles/__idf_main.dir/main.c.obj -c B:/CaPilot/firmware/esp32_s3/keyboard_demo/main/main.c
In file included from B:/CaPilot/firmware/esp32_s3/keyboard_demo/main/main.c:23:
B:/CaPilot/firmware/esp32_s3/keyboard_demo/main/bsp.h:19:10: fatal error: freertos/eventgroups.h: No such file or directory
   19 | #include "freertos/eventgroups.h"
      |          ^~~~~~~~~~~~~~~~~~~~~~~~
compilation terminated.

[89/117] Building C object esp-idf/main/CMakeFiles/__idf_main.dir/bsp.c.obj
FAILED: esp-idf/main/CMakeFiles/__idf_main.dir/bsp.c.obj 
A:\ESPIDF\Espressif5\tools\xtensa-esp-elf\esp-14.2.0_20260121\xtensa-esp-elf\bin\xtensa-esp32s3-elf-gcc.exe -DESP_PLATFORM -DIDF_VER=\"v5.5.4\" -DLV_CONF_INCLUDE_SIMPLE -DSOC_MMU_PAGE_SIZE=CONFIG_MMU_PAGE_SIZE -DSOC_XTAL_FREQ_MHZ=CONFIG_XTAL_FREQ -D_GLIBCXX_HAVE_POSIX_SEMAPHORE -D_GLIBCXX_USE_POSIX_SEMAPHORE -D_GNU_SOURCE -D_POSIX_READER_WRITER_LOCKS -IB:/CaPilot/firmware/esp32_s3/keyboard_demo/build/config -IB:/CaPilot/firmware/esp32_s3/keyboard_demo/main -IA:/ESPIDF/Espressif5/frameworks/esp-idf-v5.5.4/components/newlib/platform_include -IA:/ESPIDF/Espressif5/frameworks/esp-idf-v5.5.4/components/freertos/config/include -IA:/ESPIDF/Espressif5/frameworks/esp-idf-v5.5.4/components/freertos/config/include/freertos -IA:/ESPIDF/Espressif5/frameworks/esp-idf-v5.5.4/components/freertos/config/xtensa/include -IA:/ESPIDF/Espressif5/frameworks/esp-idf-v5.5.4/components/freertos/FreeRTOS-Kernel/include -IA:/ESPIDF/Espressif5/frameworks/esp-idf-v5.5.4/components/freertos/FreeRTOS-Kernel/portable/xtensa/include -IA:/ESPIDF/Espressif5/frameworks/esp-idf-v5.5.4/components/freertos/FreeRTOS-Kernel/portable/xtensa/include/freertos -IA:/ESPIDF/Espressif5/frameworks/esp-idf-v5.5.4/components/freertos/esp_additions/include -IA:/ESPIDF/Espressif5/frameworks/esp-idf-v5.5.4/components/esp_hw_support/include -IA:/ESPIDF/Espressif5/frameworks/esp-idf-v5.5.4/components/esp_hw_support/include/soc -IA:/ESPIDF/Espressif5/frameworks/esp-idf-v5.5.4/components/esp_hw_support/include/soc/esp32s3 -IA:/ESPIDF/Espressif5/frameworks/esp-idf-v5.5.4/components/esp_hw_support/dma/include -IA:/ESPIDF/Espressif5/frameworks/esp-idf-v5.5.4/components/esp_hw_support/ldo/include -IA:/ESPIDF/Espressif5/frameworks/esp-idf-v5.5.4/components/esp_hw_support/debug_probe/include -IA:/ESPIDF/Espressif5/frameworks/esp-idf-v5.5.4/components/esp_hw_support/mspi_timing_tuning/include -IA:/ESPIDF/Espressif5/frameworks/esp-idf-v5.5.4/components/esp_hw_support/mspi_timing_tuning/tuning_scheme_impl/include -IA:/ESPIDF/Espressif5/frameworks/esp-idf-v5.5.4/components/esp_hw_support/power_supply/include -IA:/ESPIDF/Espressif5/frameworks/esp-idf-v5.5.4/components/esp_hw_support/port/esp32s3/. -IA:/ESPIDF/Espressif5/frameworks/esp-idf-v5.5.4/components/esp_hw_support/port/esp32s3/include -IA:/ESPIDF/Espressif5/frameworks/esp-idf-v5.5.4/components/esp_hw_support/mspi_timing_tuning/port/esp32s3/. -IA:/ESPIDF/Espressif5/frameworks/esp-idf-v5.5.4/components/esp_hw_support/mspi_timing_tuning/port/esp32s3/include -IA:/ESPIDF/Espressif5/frameworks/esp-idf-v5.5.4/components/heap/include -IA:/ESPIDF/Espressif5/frameworks/esp-idf-v5.5.4/components/heap/tlsf -IA:/ESPIDF/Espressif5/frameworks/esp-idf-v5.5.4/components/log/include -IA:/ESPIDF/Espressif5/frameworks/esp-idf-v5.5.4/components/soc/include -IA:/ESPIDF/Espressif5/frameworks/esp-idf-v5.5.4/components/soc/esp32s3 -IA:/ESPIDF/Espressif5/frameworks/esp-idf-v5.5.4/components/soc/esp32s3/include -IA:/ESPIDF/Espressif5/frameworks/esp-idf-v5.5.4/components/soc/esp32s3/register -IA:/ESPIDF/Espressif5/frameworks/esp-idf-v5.5.4/components/hal/platform_port/include -IA:/ESPIDF/Espressif5/frameworks/esp-idf-v5.5.4/components/hal/esp32s3/include -IA:/ESPIDF/Espressif5/frameworks/esp-idf-v5.5.4/components/hal/include -IA:/ESPIDF/Espressif5/frameworks/esp-idf-v5.5.4/components/esp_rom/include -IA:/ESPIDF/Espressif5/frameworks/esp-idf-v5.5.4/components/esp_rom/esp32s3/include -IA:/ESPIDF/Espressif5/frameworks/esp-idf-v5.5.4/components/esp_rom/esp32s3/include/esp32s3 -IA:/ESPIDF/Espressif5/frameworks/esp-idf-v5.5.4/components/esp_rom/esp32s3 -IA:/ESPIDF/Espressif5/frameworks/esp-idf-v5.5.4/components/esp_common/include -IA:/ESPIDF/Espressif5/frameworks/esp-idf-v5.5.4/components/esp_system/include -IA:/ESPIDF/Espressif5/frameworks/esp-idf-v5.5.4/components/esp_system/port/soc -IA:/ESPIDF/Espressif5/frameworks/esp-idf-v5.5.4/components/esp_system/port/include/private -IA:/ESPIDF/Espressif5/frameworks/esp-idf-v5.5.4/components/xtensa/esp32s3/include -IA:/ESPIDF/Espressif5/frameworks/esp-idf-v5.5.4/components/xtensa/include -IA:/ESPIDF/Espressif5/frameworks/esp-idf-v5.5.4/components/xtensa/deprecated_include -IA:/ESPIDF/Espressif5/frameworks/esp-idf-v5.5.4/components/lwip/include -IA:/ESPIDF/Espressif5/frameworks/esp-idf-v5.5.4/components/lwip/include/apps -IA:/ESPIDF/Espressif5/frameworks/esp-idf-v5.5.4/components/lwip/include/apps/sntp -IA:/ESPIDF/Espressif5/frameworks/esp-idf-v5.5.4/components/lwip/lwip/src/include -IA:/ESPIDF/Espressif5/frameworks/esp-idf-v5.5.4/components/lwip/port/include -IA:/ESPIDF/Espressif5/frameworks/esp-idf-v5.5.4/components/lwip/port/freertos/include -IA:/ESPIDF/Espressif5/frameworks/esp-idf-v5.5.4/components/lwip/port/esp32xx/include -IA:/ESPIDF/Espressif5/frameworks/esp-idf-v5.5.4/components/lwip/port/esp32xx/include/arch -IA:/ESPIDF/Espressif5/frameworks/esp-idf-v5.5.4/components/lwip/port/esp32xx/include/sys -IB:/CaPilot/firmware/esp32_s3/keyboard_demo/components/capilot_hid_keyboard -IB:/CaPilot/firmware/esp32_s3/keyboard_demo/components/capilot_hid_keyboard/include -IA:/ESPIDF/Espressif5/frameworks/esp-idf-v5.5.4/components/bt/include/esp32c3/include -IA:/ESPIDF/Espressif5/frameworks/esp-idf-v5.5.4/components/bt/common/osi/include -IA:/ESPIDF/Espressif5/frameworks/esp-idf-v5.5.4/components/bt/common/api/include/api -IA:/ESPIDF/Espressif5/frameworks/esp-idf-v5.5.4/components/bt/common/btc/profile/esp/blufi/include -IA:/ESPIDF/Espressif5/frameworks/esp-idf-v5.5.4/components/bt/common/btc/profile/esp/include -IA:/ESPIDF/Espressif5/frameworks/esp-idf-v5.5.4/components/bt/common/hci_log/include -IA:/ESPIDF/Espressif5/frameworks/esp-idf-v5.5.4/components/bt/common/ble_log/include -IA:/ESPIDF/Espressif5/frameworks/esp-idf-v5.5.4/components/bt/host/bluedroid/api/include/api -IA:/ESPIDF/Espressif5/frameworks/esp-idf-v5.5.4/components/bt/common/tinycrypt/include -IA:/ESPIDF/Espressif5/frameworks/esp-idf-v5.5.4/components/bt/common/tinycrypt/port -IA:/ESPIDF/Espressif5/frameworks/esp-idf-v5.5.4/components/esp_timer/include -IA:/ESPIDF/Espressif5/frameworks/esp-idf-v5.5.4/components/esp_wifi/include -IA:/ESPIDF/Espressif5/frameworks/esp-idf-v5.5.4/components/esp_wifi/include/local -IA:/ESPIDF/Espressif5/frameworks/esp-idf-v5.5.4/components/esp_wifi/wifi_apps/include -IA:/ESPIDF/Espressif5/frameworks/esp-idf-v5.5.4/components/esp_wifi/wifi_apps/nan_app/include -IA:/ESPIDF/Espressif5/frameworks/esp-idf-v5.5.4/components/esp_event/include -IA:/ESPIDF/Espressif5/frameworks/esp-idf-v5.5.4/components/esp_phy/include -IA:/ESPIDF/Espressif5/frameworks/esp-idf-v5.5.4/components/esp_phy/esp32s3/include -IA:/ESPIDF/Espressif5/frameworks/esp-idf-v5.5.4/components/esp_netif/include -IA:/ESPIDF/Espressif5/frameworks/esp-idf-v5.5.4/components/nvs_flash/include -IA:/ESPIDF/Espressif5/frameworks/esp-idf-v5.5.4/components/esp_partition/include -IA:/ESPIDF/Espressif5/frameworks/esp-idf-v5.5.4/components/esp_driver_gpio/include -IB:/CaPilot/firmware/esp32_s3/keyboard_demo/managed_components/espressif__esp_lcd_touch_ft5x06/include -IA:/ESPIDF/Espressif5/frameworks/esp-idf-v5.5.4/components/esp_lcd/include -IA:/ESPIDF/Espressif5/frameworks/esp-idf-v5.5.4/components/esp_lcd/interface -IA:/ESPIDF/Espressif5/frameworks/esp-idf-v5.5.4/components/esp_lcd/rgb/include -IA:/ESPIDF/Espressif5/frameworks/esp-idf-v5.5.4/components/driver/deprecated -IA:/ESPIDF/Espressif5/frameworks/esp-idf-v5.5.4/components/driver/i2c/include -IA:/ESPIDF/Espressif5/frameworks/esp-idf-v5.5.4/components/driver/touch_sensor/include -IA:/ESPIDF/Espressif5/frameworks/esp-idf-v5.5.4/components/driver/twai/include -IA:/ESPIDF/Espressif5/frameworks/esp-idf-v5.5.4/components/driver/touch_sensor/esp32s3/include -IA:/ESPIDF/Espressif5/frameworks/esp-idf-v5.5.4/components/esp_pm/include -IA:/ESPIDF/Espressif5/frameworks/esp-idf-v5.5.4/components/esp_ringbuf/include -IA:/ESPIDF/Espressif5/frameworks/esp-idf-v5.5.4/components/esp_driver_pcnt/include -IA:/ESPIDF/Espressif5/frameworks/esp-idf-v5.5.4/components/esp_driver_gptimer/include -IA:/ESPIDF/Espressif5/frameworks/esp-idf-v5.5.4/components/esp_driver_spi/include -IA:/ESPIDF/Espressif5/frameworks/esp-idf-v5.5.4/components/esp_driver_mcpwm/include -IA:/ESPIDF/Espressif5/frameworks/esp-idf-v5.5.4/components/esp_driver_ana_cmpr/include -IA:/ESPIDF/Espressif5/frameworks/esp-idf-v5.5.4/components/esp_driver_i2s/include -IA:/ESPIDF/Espressif5/frameworks/esp-idf-v5.5.4/components/esp_driver_sdmmc/include -IA:/ESPIDF/Espressif5/frameworks/esp-idf-v5.5.4/components/sdmmc/include -IA:/ESPIDF/Espressif5/frameworks/esp-idf-v5.5.4/components/esp_driver_sdspi/include -IA:/ESPIDF/Espressif5/frameworks/esp-idf-v5.5.4/components/esp_driver_sdio/include -IA:/ESPIDF/Espressif5/frameworks/esp-idf-v5.5.4/components/esp_driver_dac/include -IA:/ESPIDF/Espressif5/frameworks/esp-idf-v5.5.4/components/esp_driver_rmt/include -IA:/ESPIDF/Espressif5/frameworks/esp-idf-v5.5.4/components/esp_driver_tsens/include -IA:/ESPIDF/Espressif5/frameworks/esp-idf-v5.5.4/components/esp_driver_sdm/include -IA:/ESPIDF/Espressif5/frameworks/esp-idf-v5.5.4/components/esp_driver_i2c/include -IA:/ESPIDF/Espressif5/frameworks/esp-idf-v5.5.4/components/esp_driver_uart/include -IA:/ESPIDF/Espressif5/frameworks/esp-idf-v5.5.4/components/vfs/include -IA:/ESPIDF/Espressif5/frameworks/esp-idf-v5.5.4/components/esp_driver_ledc/include -IA:/ESPIDF/Espressif5/frameworks/esp-idf-v5.5.4/components/esp_driver_parlio/include -IA:/ESPIDF/Espressif5/frameworks/esp-idf-v5.5.4/components/esp_driver_usb_serial_jtag/include -IA:/ESPIDF/Espressif5/frameworks/esp-idf-v5.5.4/components/esp_driver_twai/include -IB:/CaPilot/firmware/esp32_s3/keyboard_demo/managed_components/espressif__esp_lcd_touch/include -IB:/CaPilot/firmware/esp32_s3/keyboard_demo/managed_components/espressif__esp_lvgl_port/include -IB:/CaPilot/firmware/esp32_s3/keyboard_demo/managed_components/lvgl__lvgl -IB:/CaPilot/firmware/esp32_s3/keyboard_demo/managed_components/lvgl__lvgl/src -IB:/CaPilot/firmware/esp32_s3/keyboard_demo/managed_components -IB:/CaPilot/firmware/esp32_s3/keyboard_demo/managed_components/lvgl__lvgl/examples -IB:/CaPilot/firmware/esp32_s3/keyboard_demo/managed_components/lvgl__lvgl/demos @"B:/CaPilot/firmware/esp32_s3/keyboard_demo/build/toolchain/cflags" -fdiagnostics-color=always -ffunction-sections -fdata-sections -Wall -Werror=all -Wno-error=unused-function -Wno-error=unused-variable -Wno-error=unused-but-set-variable -Wno-error=deprecated-declarations -Wextra -Wno-error=extra -Wno-unused-parameter -Wno-sign-compare -Wno-enum-conversion -gdwarf-4 -ggdb -Og -fno-shrink-wrap -fmacro-prefix-map=B:/CaPilot/firmware/esp32_s3/keyboard_demo=. -fmacro-prefix-map=A:/ESPIDF/Espressif5/frameworks/esp-idf-v5.5.4=/IDF -fstrict-volatile-bitfields -fno-jump-tables -fno-tree-switch-conversion -std=gnu17 -Wno-old-style-declaration -MD -MT esp-idf/main/CMakeFiles/__idf_main.dir/bsp.c.obj -MF esp-idf\main\CMakeFiles\__idf_main.dir\bsp.c.obj.d -o esp-idf/main/CMakeFiles/__idf_main.dir/bsp.c.obj -c B:/CaPilot/firmware/esp32_s3/keyboard_demo/main/bsp.c
In file included from B:/CaPilot/firmware/esp32_s3/keyboard_demo/main/bsp.c:7:
B:/CaPilot/firmware/esp32_s3/keyboard_demo/main/bsp.h:19:10: fatal error: freertos/eventgroups.h: No such file or directory
   19 | #include "freertos/eventgroups.h"
      |          ^~~~~~~~~~~~~~~~~~~~~~~~
compilation terminated.

[90/117] Linking C static library esp-idf\cmock\libcmock.a
[91/117] Linking C static library esp-idf\esp_driver_touch_sens\libesp_driver_touch_sens.a
[92/117] Linking C static library esp-idf\esp_eth\libesp_eth.a
[93/117] Linking C static library esp-idf\esp_driver_cam\libesp_driver_cam.a
[94/117] Building C object esp-idf/main/CMakeFiles/__idf_main.dir/app_ui.c.obj
FAILED: esp-idf/main/CMakeFiles/__idf_main.dir/app_ui.c.obj 
A:\ESPIDF\Espressif5\tools\xtensa-esp-elf\esp-14.2.0_20260121\xtensa-esp-elf\bin\xtensa-esp32s3-elf-gcc.exe -DESP_PLATFORM -DIDF_VER=\"v5.5.4\" -DLV_CONF_INCLUDE_SIMPLE -DSOC_MMU_PAGE_SIZE=CONFIG_MMU_PAGE_SIZE -DSOC_XTAL_FREQ_MHZ=CONFIG_XTAL_FREQ -D_GLIBCXX_HAVE_POSIX_SEMAPHORE -D_GLIBCXX_USE_POSIX_SEMAPHORE -D_GNU_SOURCE -D_POSIX_READER_WRITER_LOCKS -IB:/CaPilot/firmware/esp32_s3/keyboard_demo/build/config -IB:/CaPilot/firmware/esp32_s3/keyboard_demo/main -IA:/ESPIDF/Espressif5/frameworks/esp-idf-v5.5.4/components/newlib/platform_include -IA:/ESPIDF/Espressif5/frameworks/esp-idf-v5.5.4/components/freertos/config/include -IA:/ESPIDF/Espressif5/frameworks/esp-idf-v5.5.4/components/freertos/config/include/freertos -IA:/ESPIDF/Espressif5/frameworks/esp-idf-v5.5.4/components/freertos/config/xtensa/include -IA:/ESPIDF/Espressif5/frameworks/esp-idf-v5.5.4/components/freertos/FreeRTOS-Kernel/include -IA:/ESPIDF/Espressif5/frameworks/esp-idf-v5.5.4/components/freertos/FreeRTOS-Kernel/portable/xtensa/include -IA:/ESPIDF/Espressif5/frameworks/esp-idf-v5.5.4/components/freertos/FreeRTOS-Kernel/portable/xtensa/include/freertos -IA:/ESPIDF/Espressif5/frameworks/esp-idf-v5.5.4/components/freertos/esp_additions/include -IA:/ESPIDF/Espressif5/frameworks/esp-idf-v5.5.4/components/esp_hw_support/include -IA:/ESPIDF/Espressif5/frameworks/esp-idf-v5.5.4/components/esp_hw_support/include/soc -IA:/ESPIDF/Espressif5/frameworks/esp-idf-v5.5.4/components/esp_hw_support/include/soc/esp32s3 -IA:/ESPIDF/Espressif5/frameworks/esp-idf-v5.5.4/components/esp_hw_support/dma/include -IA:/ESPIDF/Espressif5/frameworks/esp-idf-v5.5.4/components/esp_hw_support/ldo/include -IA:/ESPIDF/Espressif5/frameworks/esp-idf-v5.5.4/components/esp_hw_support/debug_probe/include -IA:/ESPIDF/Espressif5/frameworks/esp-idf-v5.5.4/components/esp_hw_support/mspi_timing_tuning/include -IA:/ESPIDF/Espressif5/frameworks/esp-idf-v5.5.4/components/esp_hw_support/mspi_timing_tuning/tuning_scheme_impl/include -IA:/ESPIDF/Espressif5/frameworks/esp-idf-v5.5.4/components/esp_hw_support/power_supply/include -IA:/ESPIDF/Espressif5/frameworks/esp-idf-v5.5.4/components/esp_hw_support/port/esp32s3/. -IA:/ESPIDF/Espressif5/frameworks/esp-idf-v5.5.4/components/esp_hw_support/port/esp32s3/include -IA:/ESPIDF/Espressif5/frameworks/esp-idf-v5.5.4/components/esp_hw_support/mspi_timing_tuning/port/esp32s3/. -IA:/ESPIDF/Espressif5/frameworks/esp-idf-v5.5.4/components/esp_hw_support/mspi_timing_tuning/port/esp32s3/include -IA:/ESPIDF/Espressif5/frameworks/esp-idf-v5.5.4/components/heap/include -IA:/ESPIDF/Espressif5/frameworks/esp-idf-v5.5.4/components/heap/tlsf -IA:/ESPIDF/Espressif5/frameworks/esp-idf-v5.5.4/components/log/include -IA:/ESPIDF/Espressif5/frameworks/esp-idf-v5.5.4/components/soc/include -IA:/ESPIDF/Espressif5/frameworks/esp-idf-v5.5.4/components/soc/esp32s3 -IA:/ESPIDF/Espressif5/frameworks/esp-idf-v5.5.4/components/soc/esp32s3/include -IA:/ESPIDF/Espressif5/frameworks/esp-idf-v5.5.4/components/soc/esp32s3/register -IA:/ESPIDF/Espressif5/frameworks/esp-idf-v5.5.4/components/hal/platform_port/include -IA:/ESPIDF/Espressif5/frameworks/esp-idf-v5.5.4/components/hal/esp32s3/include -IA:/ESPIDF/Espressif5/frameworks/esp-idf-v5.5.4/components/hal/include -IA:/ESPIDF/Espressif5/frameworks/esp-idf-v5.5.4/components/esp_rom/include -IA:/ESPIDF/Espressif5/frameworks/esp-idf-v5.5.4/components/esp_rom/esp32s3/include -IA:/ESPIDF/Espressif5/frameworks/esp-idf-v5.5.4/components/esp_rom/esp32s3/include/esp32s3 -IA:/ESPIDF/Espressif5/frameworks/esp-idf-v5.5.4/components/esp_rom/esp32s3 -IA:/ESPIDF/Espressif5/frameworks/esp-idf-v5.5.4/components/esp_common/include -IA:/ESPIDF/Espressif5/frameworks/esp-idf-v5.5.4/components/esp_system/include -IA:/ESPIDF/Espressif5/frameworks/esp-idf-v5.5.4/components/esp_system/port/soc -IA:/ESPIDF/Espressif5/frameworks/esp-idf-v5.5.4/components/esp_system/port/include/private -IA:/ESPIDF/Espressif5/frameworks/esp-idf-v5.5.4/components/xtensa/esp32s3/include -IA:/ESPIDF/Espressif5/frameworks/esp-idf-v5.5.4/components/xtensa/include -IA:/ESPIDF/Espressif5/frameworks/esp-idf-v5.5.4/components/xtensa/deprecated_include -IA:/ESPIDF/Espressif5/frameworks/esp-idf-v5.5.4/components/lwip/include -IA:/ESPIDF/Espressif5/frameworks/esp-idf-v5.5.4/components/lwip/include/apps -IA:/ESPIDF/Espressif5/frameworks/esp-idf-v5.5.4/components/lwip/include/apps/sntp -IA:/ESPIDF/Espressif5/frameworks/esp-idf-v5.5.4/components/lwip/lwip/src/include -IA:/ESPIDF/Espressif5/frameworks/esp-idf-v5.5.4/components/lwip/port/include -IA:/ESPIDF/Espressif5/frameworks/esp-idf-v5.5.4/components/lwip/port/freertos/include -IA:/ESPIDF/Espressif5/frameworks/esp-idf-v5.5.4/components/lwip/port/esp32xx/include -IA:/ESPIDF/Espressif5/frameworks/esp-idf-v5.5.4/components/lwip/port/esp32xx/include/arch -IA:/ESPIDF/Espressif5/frameworks/esp-idf-v5.5.4/components/lwip/port/esp32xx/include/sys -IB:/CaPilot/firmware/esp32_s3/keyboard_demo/components/capilot_hid_keyboard -IB:/CaPilot/firmware/esp32_s3/keyboard_demo/components/capilot_hid_keyboard/include -IA:/ESPIDF/Espressif5/frameworks/esp-idf-v5.5.4/components/bt/include/esp32c3/include -IA:/ESPIDF/Espressif5/frameworks/esp-idf-v5.5.4/components/bt/common/osi/include -IA:/ESPIDF/Espressif5/frameworks/esp-idf-v5.5.4/components/bt/common/api/include/api -IA:/ESPIDF/Espressif5/frameworks/esp-idf-v5.5.4/components/bt/common/btc/profile/esp/blufi/include -IA:/ESPIDF/Espressif5/frameworks/esp-idf-v5.5.4/components/bt/common/btc/profile/esp/include -IA:/ESPIDF/Espressif5/frameworks/esp-idf-v5.5.4/components/bt/common/hci_log/include -IA:/ESPIDF/Espressif5/frameworks/esp-idf-v5.5.4/components/bt/common/ble_log/include -IA:/ESPIDF/Espressif5/frameworks/esp-idf-v5.5.4/components/bt/host/bluedroid/api/include/api -IA:/ESPIDF/Espressif5/frameworks/esp-idf-v5.5.4/components/bt/common/tinycrypt/include -IA:/ESPIDF/Espressif5/frameworks/esp-idf-v5.5.4/components/bt/common/tinycrypt/port -IA:/ESPIDF/Espressif5/frameworks/esp-idf-v5.5.4/components/esp_timer/include -IA:/ESPIDF/Espressif5/frameworks/esp-idf-v5.5.4/components/esp_wifi/include -IA:/ESPIDF/Espressif5/frameworks/esp-idf-v5.5.4/components/esp_wifi/include/local -IA:/ESPIDF/Espressif5/frameworks/esp-idf-v5.5.4/components/esp_wifi/wifi_apps/include -IA:/ESPIDF/Espressif5/frameworks/esp-idf-v5.5.4/components/esp_wifi/wifi_apps/nan_app/include -IA:/ESPIDF/Espressif5/frameworks/esp-idf-v5.5.4/components/esp_event/include -IA:/ESPIDF/Espressif5/frameworks/esp-idf-v5.5.4/components/esp_phy/include -IA:/ESPIDF/Espressif5/frameworks/esp-idf-v5.5.4/components/esp_phy/esp32s3/include -IA:/ESPIDF/Espressif5/frameworks/esp-idf-v5.5.4/components/esp_netif/include -IA:/ESPIDF/Espressif5/frameworks/esp-idf-v5.5.4/components/nvs_flash/include -IA:/ESPIDF/Espressif5/frameworks/esp-idf-v5.5.4/components/esp_partition/include -IA:/ESPIDF/Espressif5/frameworks/esp-idf-v5.5.4/components/esp_driver_gpio/include -IB:/CaPilot/firmware/esp32_s3/keyboard_demo/managed_components/espressif__esp_lcd_touch_ft5x06/include -IA:/ESPIDF/Espressif5/frameworks/esp-idf-v5.5.4/components/esp_lcd/include -IA:/ESPIDF/Espressif5/frameworks/esp-idf-v5.5.4/components/esp_lcd/interface -IA:/ESPIDF/Espressif5/frameworks/esp-idf-v5.5.4/components/esp_lcd/rgb/include -IA:/ESPIDF/Espressif5/frameworks/esp-idf-v5.5.4/components/driver/deprecated -IA:/ESPIDF/Espressif5/frameworks/esp-idf-v5.5.4/components/driver/i2c/include -IA:/ESPIDF/Espressif5/frameworks/esp-idf-v5.5.4/components/driver/touch_sensor/include -IA:/ESPIDF/Espressif5/frameworks/esp-idf-v5.5.4/components/driver/twai/include -IA:/ESPIDF/Espressif5/frameworks/esp-idf-v5.5.4/components/driver/touch_sensor/esp32s3/include -IA:/ESPIDF/Espressif5/frameworks/esp-idf-v5.5.4/components/esp_pm/include -IA:/ESPIDF/Espressif5/frameworks/esp-idf-v5.5.4/components/esp_ringbuf/include -IA:/ESPIDF/Espressif5/frameworks/esp-idf-v5.5.4/components/esp_driver_pcnt/include -IA:/ESPIDF/Espressif5/frameworks/esp-idf-v5.5.4/components/esp_driver_gptimer/include -IA:/ESPIDF/Espressif5/frameworks/esp-idf-v5.5.4/components/esp_driver_spi/include -IA:/ESPIDF/Espressif5/frameworks/esp-idf-v5.5.4/components/esp_driver_mcpwm/include -IA:/ESPIDF/Espressif5/frameworks/esp-idf-v5.5.4/components/esp_driver_ana_cmpr/include -IA:/ESPIDF/Espressif5/frameworks/esp-idf-v5.5.4/components/esp_driver_i2s/include -IA:/ESPIDF/Espressif5/frameworks/esp-idf-v5.5.4/components/esp_driver_sdmmc/include -IA:/ESPIDF/Espressif5/frameworks/esp-idf-v5.5.4/components/sdmmc/include -IA:/ESPIDF/Espressif5/frameworks/esp-idf-v5.5.4/components/esp_driver_sdspi/include -IA:/ESPIDF/Espressif5/frameworks/esp-idf-v5.5.4/components/esp_driver_sdio/include -IA:/ESPIDF/Espressif5/frameworks/esp-idf-v5.5.4/components/esp_driver_dac/include -IA:/ESPIDF/Espressif5/frameworks/esp-idf-v5.5.4/components/esp_driver_rmt/include -IA:/ESPIDF/Espressif5/frameworks/esp-idf-v5.5.4/components/esp_driver_tsens/include -IA:/ESPIDF/Espressif5/frameworks/esp-idf-v5.5.4/components/esp_driver_sdm/include -IA:/ESPIDF/Espressif5/frameworks/esp-idf-v5.5.4/components/esp_driver_i2c/include -IA:/ESPIDF/Espressif5/frameworks/esp-idf-v5.5.4/components/esp_driver_uart/include -IA:/ESPIDF/Espressif5/frameworks/esp-idf-v5.5.4/components/vfs/include -IA:/ESPIDF/Espressif5/frameworks/esp-idf-v5.5.4/components/esp_driver_ledc/include -IA:/ESPIDF/Espressif5/frameworks/esp-idf-v5.5.4/components/esp_driver_parlio/include -IA:/ESPIDF/Espressif5/frameworks/esp-idf-v5.5.4/components/esp_driver_usb_serial_jtag/include -IA:/ESPIDF/Espressif5/frameworks/esp-idf-v5.5.4/components/esp_driver_twai/include -IB:/CaPilot/firmware/esp32_s3/keyboard_demo/managed_components/espressif__esp_lcd_touch/include -IB:/CaPilot/firmware/esp32_s3/keyboard_demo/managed_components/espressif__esp_lvgl_port/include -IB:/CaPilot/firmware/esp32_s3/keyboard_demo/managed_components/lvgl__lvgl -IB:/CaPilot/firmware/esp32_s3/keyboard_demo/managed_components/lvgl__lvgl/src -IB:/CaPilot/firmware/esp32_s3/keyboard_demo/managed_components -IB:/CaPilot/firmware/esp32_s3/keyboard_demo/managed_components/lvgl__lvgl/examples -IB:/CaPilot/firmware/esp32_s3/keyboard_demo/managed_components/lvgl__lvgl/demos @"B:/CaPilot/firmware/esp32_s3/keyboard_demo/build/toolchain/cflags" -fdiagnostics-color=always -ffunction-sections -fdata-sections -Wall -Werror=all -Wno-error=unused-function -Wno-error=unused-variable -Wno-error=unused-but-set-variable -Wno-error=deprecated-declarations -Wextra -Wno-error=extra -Wno-unused-parameter -Wno-sign-compare -Wno-enum-conversion -gdwarf-4 -ggdb -Og -fno-shrink-wrap -fmacro-prefix-map=B:/CaPilot/firmware/esp32_s3/keyboard_demo=. -fmacro-prefix-map=A:/ESPIDF/Espressif5/frameworks/esp-idf-v5.5.4=/IDF -fstrict-volatile-bitfields -fno-jump-tables -fno-tree-switch-conversion -std=gnu17 -Wno-old-style-declaration -MD -MT esp-idf/main/CMakeFiles/__idf_main.dir/app_ui.c.obj -MF esp-idf\main\CMakeFiles\__idf_main.dir\app_ui.c.obj.d -o esp-idf/main/CMakeFiles/__idf_main.dir/app_ui.c.obj -c B:/CaPilot/firmware/esp32_s3/keyboard_demo/main/app_ui.c
In file included from B:/CaPilot/firmware/esp32_s3/keyboard_demo/main/app_ui.c:13:
B:/CaPilot/firmware/esp32_s3/keyboard_demo/main/app_ui.h:30:27: error: unknown type name 'bool'
   30 | void app_ui_update_status(bool connected);
      |                           ^~~~
B:/CaPilot/firmware/esp32_s3/keyboard_demo/main/app_ui.h:8:1: note: 'bool' is defined in header '<stdbool.h>'; this is probably fixable by adding '#include <stdbool.h>'
    7 | #include "esp_err.h"
  +++ |+#include <stdbool.h>
    8 | 
In file included from B:/CaPilot/firmware/esp32_s3/keyboard_demo/main/app_ui.c:14:
B:/CaPilot/firmware/esp32_s3/keyboard_demo/main/bsp.h:19:10: fatal error: freertos/eventgroups.h: No such file or directory
   19 | #include "freertos/eventgroups.h"
      |          ^~~~~~~~~~~~~~~~~~~~~~~~
compilation terminated.

[95/117] Linking C static library esp-idf\esp_hid\libesp_hid.a
[96/117] Linking C static library esp-idf\espcoredump\libespcoredump.a
[97/117] Linking C static library esp-idf\esp_local_ctrl\libesp_local_ctrl.a
[98/117] Linking C static library esp-idf\mqtt\libmqtt.a
[99/117] Linking C static library esp-idf\nvs_sec_provider\libnvs_sec_provider.a
[100/117] Linking C static library esp-idf\fatfs\libfatfs.a
[101/117] Linking C static library esp-idf\perfmon\libperfmon.a
[102/117] Linking C static library esp-idf\rt\librt.a
[103/117] Building C object esp-idf/wifi_provisioning/CMakeFiles/__idf_wifi_provisioning.dir/src/manager.c.obj
[104/117] Linking C static library esp-idf\spiffs\libspiffs.a
[105/117] Linking C static library esp-idf\touch_element\libtouch_element.a
ninja: build stopped: subcommand failed.
