[1/9] Performing build step for 'bootloader'
[1/1] C:\WINDOWS\system32\cmd.exe /C "cd /D B:\CaPilot\firmware\esp32_s3\keyboard_demo\build\bootloader\esp-idf\esptool_py && A:\ESPIDF\Espressif5\python_env\idf5.5_py3.11_env\Scripts\python.exe A:/ESPIDF/Espressif5/frameworks/esp-idf-v5.5.4/components/partition_table/check_sizes.py --offset 0x8000 bootloader 0x0 B:/CaPilot/firmware/esp32_s3/keyboard_demo/build/bootloader/bootloader.bin"

Bootloader binary size 0x5160 bytes. 0x2ea0 bytes (36%) free.


[2/9] No install step for 'bootloader'
[3/9] Building C object esp-idf/main/CMakeFiles/__idf_main.dir/bsp.c.obj
B:/CaPilot/firmware/esp32_s3/keyboard_demo/main/bsp.c: In function 'bsp_i2c_init':
B:/CaPilot/firmware/esp32_s3/keyboard_demo/main/bsp.c:18:15: warning: unused variable 'ret' [-Wunused-variable]
   18 |     esp_err_t ret;
      |               ^~~
[4/9] Completed 'bootloader'
[5/9] Linking C static library esp-idf\main\libmain.a
[6/9] Generating esp-idf/esp_system/ld/sections.ld
[7/9] Linking CXX executable keyboard_demo.elf
[8/9] Generating binary image from built executable
esptool.py v4.12.dev1

Creating esp32s3 image...

Merged 2 ELF sections

Successfully created esp32s3 image.

Generated B:/CaPilot/firmware/esp32_s3/keyboard_demo/build/keyboard_demo.bin
[9/9] C:\WINDOWS\system32\cmd.exe /C "cd /D B:\CaPilot\firmware\esp32_s3\keyboard_demo\build\esp-idf\esptool_py && A:\ESPIDF\Espressif5\python_env\idf5.5_py3.11_env\Scripts\python.exe A:/ESPIDF/Espressif5/frameworks/esp-idf-v5.5.4/components/partition_table/check_sizes.py --offset 0x8000 partition --type app B:/CaPilot/firmware/esp32_s3/keyboard_demo/build/partition_table/partition-table.bin B:/CaPilot/firmware/esp32_s3/keyboard_demo/build/keyboard_demo.bin"
keyboard_demo.bin binary size 0xf2640 bytes. Smallest app partition is 0x200000 bytes. 0x10d9c0 bytes (53%) free.

